<?xml version="1.0" encoding="UTF-8"?>
<!-- Generated by org.testng.reporters.JUnitXMLReporter -->
<testsuite ignored="2" hostname="Ruslans-MacBook-Air.local" failures="11" tests="61" name="Command line test" time="17.535" errors="0" timestamp="2021-11-22T14:45:35 EST">
  <testcase classname="Assertions.AssertionsPracticeTest" name="@BeforeMethod setup" time="0.064">
    <failure type="java.lang.IllegalStateException" message="The driver executable does not exist: /Users/gagash/IdeaProjects/untitled2/untitled2/mavenTest/src/main/resources/chromedriver">
      <![CDATA[java.lang.IllegalStateException: The driver executable does not exist: /Users/gagash/IdeaProjects/untitled2/untitled2/mavenTest/src/main/resources/chromedriver
at com.google.common.base.Preconditions.checkState(Preconditions.java:585)
at org.openqa.selenium.remote.service.DriverService.checkExecutable(DriverService.java:146)
at org.openqa.selenium.remote.service.DriverService.findExecutable(DriverService.java:141)
at org.openqa.selenium.chrome.ChromeDriverService.access$000(ChromeDriverService.java:35)
at org.openqa.selenium.chrome.ChromeDriverService$Builder.findDefaultExecutable(ChromeDriverService.java:159)
at org.openqa.selenium.remote.service.DriverService$Builder.build(DriverService.java:355)
at org.openqa.selenium.chrome.ChromeDriverService.createDefaultService(ChromeDriverService.java:94)
at org.openqa.selenium.chrome.ChromeDriver.<init>(ChromeDriver.java:123)
at Assertions.AssertionsPracticeTest.setup(AssertionsPracticeTest.java:23)
at java.base/java.util.ArrayList.forEach(ArrayList.java:1511)
... Removed 41 stack frames]]>
    </failure>
  </testcase> <!-- @BeforeMethod setup -->
  <testcase classname="selenium.SeleniumParallel_Test" name="@BeforeClass prepareTest" time="-1.637610317948E9">
    <failure type="org.testng.TestNGException" message="
Parameter &amp;apos;browser&amp;apos; is required by BeforeClass on method prepareTest but has not been marked @Optional or defined
">
      <![CDATA[org.testng.TestNGException: 
Parameter 'browser' is required by BeforeClass on method prepareTest but has not been marked @Optional or defined

at java.base/java.util.ArrayList.forEach(ArrayList.java:1511)
... Removed 32 stack frames]]>
    </failure>
  </testcase> <!-- @BeforeClass prepareTest -->
  <testcase classname="selenium.SeleniumParallel_Test" name="@AfterClass endTest" time="-1.637610317951E9">
    <skipped/>
  </testcase> <!-- @AfterClass endTest -->
  <testcase classname="selenium.SeleniumParallel3_Test" name="@BeforeClass prepareTest" time="-1.637610317952E9">
    <failure type="org.testng.TestNGException" message="
Parameter &amp;apos;browser&amp;apos; is required by BeforeClass on method prepareTest but has not been marked @Optional or defined
">
      <![CDATA[org.testng.TestNGException: 
Parameter 'browser' is required by BeforeClass on method prepareTest but has not been marked @Optional or defined

at java.base/java.util.ArrayList.forEach(ArrayList.java:1511)
... Removed 32 stack frames]]>
    </failure>
  </testcase> <!-- @BeforeClass prepareTest -->
  <testcase classname="selenium.SeleniumParallel3_Test" name="@AfterClass endTest" time="-1.637610317958E9">
    <skipped/>
  </testcase> <!-- @AfterClass endTest -->
  <testcase classname="selenium.SeleniumParallel2_Test" name="@BeforeClass prepareTest" time="-1.637610317959E9">
    <failure type="org.testng.TestNGException" message="
Parameter &amp;apos;browser&amp;apos; is required by BeforeClass on method prepareTest but has not been marked @Optional or defined
">
      <![CDATA[org.testng.TestNGException: 
Parameter 'browser' is required by BeforeClass on method prepareTest but has not been marked @Optional or defined

at java.base/java.util.ArrayList.forEach(ArrayList.java:1511)
... Removed 32 stack frames]]>
    </failure>
  </testcase> <!-- @BeforeClass prepareTest -->
  <testcase classname="selenium.SeleniumParallel2_Test" name="@AfterClass endTest" time="-1.637610317962E9">
    <skipped/>
  </testcase> <!-- @AfterClass endTest -->
  <testcase classname="practice.Parameter_Test" name="@BeforeClass setUp" time="-1.63761033005E9">
    <failure type="org.testng.TestNGException" message="
Parameter &amp;apos;browser&amp;apos; is required by BeforeClass on method setUp but has not been marked @Optional or defined
">
      <![CDATA[org.testng.TestNGException: 
Parameter 'browser' is required by BeforeClass on method setUp but has not been marked @Optional or defined

at java.base/java.util.ArrayList.forEach(ArrayList.java:1511)
... Removed 32 stack frames]]>
    </failure>
  </testcase> <!-- @BeforeClass setUp -->
  <testcase classname="Assertions.AssertionsPracticeTest" name="@BeforeMethod setup" time="-1.637610330064E9">
    <skipped/>
  </testcase> <!-- @BeforeMethod setup -->
  <testcase classname="Assertions.AssertionsPracticeTest" name="@BeforeMethod setup" time="-1.637610330068E9">
    <skipped/>
  </testcase> <!-- @BeforeMethod setup -->
  <testcase classname="Assertions.AssertionsPracticeTest" name="@BeforeMethod setup" time="-1.637610330069E9">
    <skipped/>
  </testcase> <!-- @BeforeMethod setup -->
  <testcase classname="Assertions.AssertionsPracticeTest" name="@BeforeMethod setup" time="-1.637610330071E9">
    <skipped/>
  </testcase> <!-- @BeforeMethod setup -->
  <testcase classname="Assertions.AssertionsPracticeTest" name="@BeforeMethod setup" time="-1.637610330073E9">
    <skipped/>
  </testcase> <!-- @BeforeMethod setup -->
  <testcase classname="HRM.AlertsTest" name="@BeforeMethod setup" time="0.001">
    <failure type="java.lang.IllegalStateException" message="The driver executable does not exist: /Users/gagash/IdeaProjects/untitled2/untitled2/mavenTest/src/main/resources/chromedriver">
      <![CDATA[java.lang.IllegalStateException: The driver executable does not exist: /Users/gagash/IdeaProjects/untitled2/untitled2/mavenTest/src/main/resources/chromedriver
at com.google.common.base.Preconditions.checkState(Preconditions.java:585)
at org.openqa.selenium.remote.service.DriverService.checkExecutable(DriverService.java:146)
at org.openqa.selenium.remote.service.DriverService.findExecutable(DriverService.java:141)
at org.openqa.selenium.chrome.ChromeDriverService.access$000(ChromeDriverService.java:35)
at org.openqa.selenium.chrome.ChromeDriverService$Builder.findDefaultExecutable(ChromeDriverService.java:159)
at org.openqa.selenium.remote.service.DriverService$Builder.build(DriverService.java:355)
at org.openqa.selenium.chrome.ChromeDriverService.createDefaultService(ChromeDriverService.java:94)
at org.openqa.selenium.chrome.ChromeDriver.<init>(ChromeDriver.java:123)
at HRM.AlertsTest.setup(AlertsTest.java:22)
at java.base/java.util.ArrayList.forEach(ArrayList.java:1511)
... Removed 41 stack frames]]>
    </failure>
  </testcase> <!-- @BeforeMethod setup -->
  <testcase classname="HRM.AlertsTest" name="@AfterMethod tearDown" time="0.0">
    <failure type="java.lang.NullPointerException" message="Cannot invoke &amp;quot;org.openqa.selenium.WebDriver.quit()&amp;quot; because &amp;quot;this.driver&amp;quot; is null">
      <![CDATA[java.lang.NullPointerException: Cannot invoke "org.openqa.selenium.WebDriver.quit()" because "this.driver" is null
at HRM.AlertsTest.tearDown(AlertsTest.java:53)
at java.base/java.util.ArrayList.forEach(ArrayList.java:1511)
... Removed 42 stack frames]]>
    </failure>
  </testcase> <!-- @AfterMethod tearDown -->
  <testcase classname="HRM.HrmJobsTest" name="@BeforeMethod setup" time="0.001">
    <failure type="java.lang.IllegalStateException" message="The driver executable does not exist: /Users/gagash/IdeaProjects/untitled2/untitled2/mavenTest/src/main/resources/chromedriver">
      <![CDATA[java.lang.IllegalStateException: The driver executable does not exist: /Users/gagash/IdeaProjects/untitled2/untitled2/mavenTest/src/main/resources/chromedriver
at com.google.common.base.Preconditions.checkState(Preconditions.java:585)
at org.openqa.selenium.remote.service.DriverService.checkExecutable(DriverService.java:146)
at org.openqa.selenium.remote.service.DriverService.findExecutable(DriverService.java:141)
at org.openqa.selenium.chrome.ChromeDriverService.access$000(ChromeDriverService.java:35)
at org.openqa.selenium.chrome.ChromeDriverService$Builder.findDefaultExecutable(ChromeDriverService.java:159)
at org.openqa.selenium.remote.service.DriverService$Builder.build(DriverService.java:355)
at org.openqa.selenium.chrome.ChromeDriverService.createDefaultService(ChromeDriverService.java:94)
at org.openqa.selenium.chrome.ChromeDriver.<init>(ChromeDriver.java:123)
at HRM.HrmJobsTest.setup(HrmJobsTest.java:22)
at java.base/java.util.ArrayList.forEach(ArrayList.java:1511)
... Removed 41 stack frames]]>
    </failure>
  </testcase> <!-- @BeforeMethod setup -->
  <testcase classname="HRM.HrmJobsTest" name="@AfterMethod tearDown" time="0.001">
    <failure type="java.lang.NullPointerException" message="Cannot invoke &amp;quot;org.openqa.selenium.WebDriver.quit()&amp;quot; because &amp;quot;this.driver&amp;quot; is null">
      <![CDATA[java.lang.NullPointerException: Cannot invoke "org.openqa.selenium.WebDriver.quit()" because "this.driver" is null
at HRM.HrmJobsTest.tearDown(HrmJobsTest.java:68)
at java.base/java.util.ArrayList.forEach(ArrayList.java:1511)
... Removed 42 stack frames]]>
    </failure>
  </testcase> <!-- @AfterMethod tearDown -->
  <testcase classname="HRM.HrmLoginTest" name="@BeforeMethod setup" time="0.001">
    <failure type="java.lang.IllegalStateException" message="The driver executable does not exist: /Users/gagash/IdeaProjects/untitled2/untitled2/mavenTest/src/main/resources/chromedriver">
      <![CDATA[java.lang.IllegalStateException: The driver executable does not exist: /Users/gagash/IdeaProjects/untitled2/untitled2/mavenTest/src/main/resources/chromedriver
at com.google.common.base.Preconditions.checkState(Preconditions.java:585)
at org.openqa.selenium.remote.service.DriverService.checkExecutable(DriverService.java:146)
at org.openqa.selenium.remote.service.DriverService.findExecutable(DriverService.java:141)
at org.openqa.selenium.chrome.ChromeDriverService.access$000(ChromeDriverService.java:35)
at org.openqa.selenium.chrome.ChromeDriverService$Builder.findDefaultExecutable(ChromeDriverService.java:159)
at org.openqa.selenium.remote.service.DriverService$Builder.build(DriverService.java:355)
at org.openqa.selenium.chrome.ChromeDriverService.createDefaultService(ChromeDriverService.java:94)
at org.openqa.selenium.chrome.ChromeDriver.<init>(ChromeDriver.java:123)
at HRM.HrmLoginTest.setup(HrmLoginTest.java:24)
at java.base/java.util.ArrayList.forEach(ArrayList.java:1511)
... Removed 41 stack frames]]>
    </failure>
  </testcase> <!-- @BeforeMethod setup -->
  <testcase classname="HRM.HrmLoginTest" name="@AfterMethod tearDown" time="0.0">
    <failure type="java.lang.NullPointerException" message="Cannot invoke &amp;quot;org.openqa.selenium.WebDriver.quit()&amp;quot; because &amp;quot;this.driver&amp;quot; is null">
      <![CDATA[java.lang.NullPointerException: Cannot invoke "org.openqa.selenium.WebDriver.quit()" because "this.driver" is null
at HRM.HrmLoginTest.tearDown(HrmLoginTest.java:48)
at java.base/java.util.ArrayList.forEach(ArrayList.java:1511)
... Removed 42 stack frames]]>
    </failure>
  </testcase> <!-- @AfterMethod tearDown -->
  <testcase classname="HRM.HrmLoginTest" name="@BeforeMethod setup" time="0.001">
    <failure type="java.lang.IllegalStateException" message="The driver executable does not exist: /Users/gagash/IdeaProjects/untitled2/untitled2/mavenTest/src/main/resources/chromedriver">
      <![CDATA[java.lang.IllegalStateException: The driver executable does not exist: /Users/gagash/IdeaProjects/untitled2/untitled2/mavenTest/src/main/resources/chromedriver
at com.google.common.base.Preconditions.checkState(Preconditions.java:585)
at org.openqa.selenium.remote.service.DriverService.checkExecutable(DriverService.java:146)
at org.openqa.selenium.remote.service.DriverService.findExecutable(DriverService.java:141)
at org.openqa.selenium.chrome.ChromeDriverService.access$000(ChromeDriverService.java:35)
at org.openqa.selenium.chrome.ChromeDriverService$Builder.findDefaultExecutable(ChromeDriverService.java:159)
at org.openqa.selenium.remote.service.DriverService$Builder.build(DriverService.java:355)
at org.openqa.selenium.chrome.ChromeDriverService.createDefaultService(ChromeDriverService.java:94)
at org.openqa.selenium.chrome.ChromeDriver.<init>(ChromeDriver.java:123)
at HRM.HrmLoginTest.setup(HrmLoginTest.java:24)
at java.base/java.util.ArrayList.forEach(ArrayList.java:1511)
... Removed 41 stack frames]]>
    </failure>
  </testcase> <!-- @BeforeMethod setup -->
  <testcase classname="HRM.HrmLoginTest" name="@AfterMethod tearDown" time="0.0">
    <failure type="java.lang.NullPointerException" message="Cannot invoke &amp;quot;org.openqa.selenium.WebDriver.quit()&amp;quot; because &amp;quot;this.driver&amp;quot; is null">
      <![CDATA[java.lang.NullPointerException: Cannot invoke "org.openqa.selenium.WebDriver.quit()" because "this.driver" is null
at HRM.HrmLoginTest.tearDown(HrmLoginTest.java:48)
at java.base/java.util.ArrayList.forEach(ArrayList.java:1511)
... Removed 42 stack frames]]>
    </failure>
  </testcase> <!-- @AfterMethod tearDown -->
  <testcase classname="HRM.WindowTabTest" name="@BeforeMethod setup" time="0.001">
    <failure type="java.lang.IllegalStateException" message="The driver executable does not exist: /Users/gagash/IdeaProjects/untitled2/untitled2/mavenTest/src/main/resources/chromedriver">
      <![CDATA[java.lang.IllegalStateException: The driver executable does not exist: /Users/gagash/IdeaProjects/untitled2/untitled2/mavenTest/src/main/resources/chromedriver
at com.google.common.base.Preconditions.checkState(Preconditions.java:585)
at org.openqa.selenium.remote.service.DriverService.checkExecutable(DriverService.java:146)
at org.openqa.selenium.remote.service.DriverService.findExecutable(DriverService.java:141)
at org.openqa.selenium.chrome.ChromeDriverService.access$000(ChromeDriverService.java:35)
at org.openqa.selenium.chrome.ChromeDriverService$Builder.findDefaultExecutable(ChromeDriverService.java:159)
at org.openqa.selenium.remote.service.DriverService$Builder.build(DriverService.java:355)
at org.openqa.selenium.chrome.ChromeDriverService.createDefaultService(ChromeDriverService.java:94)
at org.openqa.selenium.chrome.ChromeDriver.<init>(ChromeDriver.java:123)
at HRM.WindowTabTest.setup(WindowTabTest.java:19)
at java.base/java.util.ArrayList.forEach(ArrayList.java:1511)
... Removed 41 stack frames]]>
    </failure>
  </testcase> <!-- @BeforeMethod setup -->
  <testcase classname="HRM.WindowTabTest" name="@AfterMethod tearDown" time="0.0">
    <failure type="java.lang.NullPointerException" message="Cannot invoke &amp;quot;org.openqa.selenium.WebDriver.quit()&amp;quot; because &amp;quot;this.driver&amp;quot; is null">
      <![CDATA[java.lang.NullPointerException: Cannot invoke "org.openqa.selenium.WebDriver.quit()" because "this.driver" is null
at HRM.WindowTabTest.tearDown(WindowTabTest.java:86)
at java.base/java.util.ArrayList.forEach(ArrayList.java:1511)
... Removed 42 stack frames]]>
    </failure>
  </testcase> <!-- @AfterMethod tearDown -->
  <testcase classname="HRM.iFrameTest" name="@BeforeMethod setup" time="0.001">
    <failure type="java.lang.IllegalStateException" message="The driver executable does not exist: /Users/gagash/IdeaProjects/untitled2/untitled2/mavenTest/src/main/resources/chromedriver">
      <![CDATA[java.lang.IllegalStateException: The driver executable does not exist: /Users/gagash/IdeaProjects/untitled2/untitled2/mavenTest/src/main/resources/chromedriver
at com.google.common.base.Preconditions.checkState(Preconditions.java:585)
at org.openqa.selenium.remote.service.DriverService.checkExecutable(DriverService.java:146)
at org.openqa.selenium.remote.service.DriverService.findExecutable(DriverService.java:141)
at org.openqa.selenium.chrome.ChromeDriverService.access$000(ChromeDriverService.java:35)
at org.openqa.selenium.chrome.ChromeDriverService$Builder.findDefaultExecutable(ChromeDriverService.java:159)
at org.openqa.selenium.remote.service.DriverService$Builder.build(DriverService.java:355)
at org.openqa.selenium.chrome.ChromeDriverService.createDefaultService(ChromeDriverService.java:94)
at org.openqa.selenium.chrome.ChromeDriver.<init>(ChromeDriver.java:123)
at HRM.iFrameTest.setup(iFrameTest.java:19)
at java.base/java.util.ArrayList.forEach(ArrayList.java:1511)
... Removed 41 stack frames]]>
    </failure>
  </testcase> <!-- @BeforeMethod setup -->
  <testcase classname="HRM.iFrameTest" name="@AfterMethod tearDown" time="0.001">
    <failure type="java.lang.NullPointerException" message="Cannot invoke &amp;quot;org.openqa.selenium.WebDriver.quit()&amp;quot; because &amp;quot;this.driver&amp;quot; is null">
      <![CDATA[java.lang.NullPointerException: Cannot invoke "org.openqa.selenium.WebDriver.quit()" because "this.driver" is null
at HRM.iFrameTest.tearDown(iFrameTest.java:70)
at java.base/java.util.ArrayList.forEach(ArrayList.java:1511)
... Removed 42 stack frames]]>
    </failure>
  </testcase> <!-- @AfterMethod tearDown -->
  <testcase classname="HRM.iFrameTest" name="@BeforeMethod setup" time="0.001">
    <failure type="java.lang.IllegalStateException" message="The driver executable does not exist: /Users/gagash/IdeaProjects/untitled2/untitled2/mavenTest/src/main/resources/chromedriver">
      <![CDATA[java.lang.IllegalStateException: The driver executable does not exist: /Users/gagash/IdeaProjects/untitled2/untitled2/mavenTest/src/main/resources/chromedriver
at com.google.common.base.Preconditions.checkState(Preconditions.java:585)
at org.openqa.selenium.remote.service.DriverService.checkExecutable(DriverService.java:146)
at org.openqa.selenium.remote.service.DriverService.findExecutable(DriverService.java:141)
at org.openqa.selenium.chrome.ChromeDriverService.access$000(ChromeDriverService.java:35)
at org.openqa.selenium.chrome.ChromeDriverService$Builder.findDefaultExecutable(ChromeDriverService.java:159)
at org.openqa.selenium.remote.service.DriverService$Builder.build(DriverService.java:355)
at org.openqa.selenium.chrome.ChromeDriverService.createDefaultService(ChromeDriverService.java:94)
at org.openqa.selenium.chrome.ChromeDriver.<init>(ChromeDriver.java:123)
at HRM.iFrameTest.setup(iFrameTest.java:19)
at java.base/java.util.ArrayList.forEach(ArrayList.java:1511)
... Removed 41 stack frames]]>
    </failure>
  </testcase> <!-- @BeforeMethod setup -->
  <testcase classname="HRM.iFrameTest" name="@AfterMethod tearDown" time="0.0">
    <failure type="java.lang.NullPointerException" message="Cannot invoke &amp;quot;org.openqa.selenium.WebDriver.quit()&amp;quot; because &amp;quot;this.driver&amp;quot; is null">
      <![CDATA[java.lang.NullPointerException: Cannot invoke "org.openqa.selenium.WebDriver.quit()" because "this.driver" is null
at HRM.iFrameTest.tearDown(iFrameTest.java:70)
at java.base/java.util.ArrayList.forEach(ArrayList.java:1511)
... Removed 42 stack frames]]>
    </failure>
  </testcase> <!-- @AfterMethod tearDown -->
  <testcase classname="HRM.HrmEmployeeTest" name="@BeforeMethod setup" time="0.001">
    <failure type="java.lang.IllegalStateException" message="The driver executable does not exist: /Users/gagash/IdeaProjects/untitled2/untitled2/mavenTest/src/main/resources/chromedriver">
      <![CDATA[java.lang.IllegalStateException: The driver executable does not exist: /Users/gagash/IdeaProjects/untitled2/untitled2/mavenTest/src/main/resources/chromedriver
at com.google.common.base.Preconditions.checkState(Preconditions.java:585)
at org.openqa.selenium.remote.service.DriverService.checkExecutable(DriverService.java:146)
at org.openqa.selenium.remote.service.DriverService.findExecutable(DriverService.java:141)
at org.openqa.selenium.chrome.ChromeDriverService.access$000(ChromeDriverService.java:35)
at org.openqa.selenium.chrome.ChromeDriverService$Builder.findDefaultExecutable(ChromeDriverService.java:159)
at org.openqa.selenium.remote.service.DriverService$Builder.build(DriverService.java:355)
at org.openqa.selenium.chrome.ChromeDriverService.createDefaultService(ChromeDriverService.java:94)
at org.openqa.selenium.chrome.ChromeDriver.<init>(ChromeDriver.java:123)
at HRM.HrmEmployeeTest.setup(HrmEmployeeTest.java:20)
at java.base/java.util.ArrayList.forEach(ArrayList.java:1511)
... Removed 41 stack frames]]>
    </failure>
  </testcase> <!-- @BeforeMethod setup -->
  <testcase classname="HRM.HrmEmployeeTest" name="@AfterMethod tearDown" time="0.0">
    <failure type="java.lang.NullPointerException" message="Cannot invoke &amp;quot;org.openqa.selenium.WebDriver.quit()&amp;quot; because &amp;quot;this.driver&amp;quot; is null">
      <![CDATA[java.lang.NullPointerException: Cannot invoke "org.openqa.selenium.WebDriver.quit()" because "this.driver" is null
at HRM.HrmEmployeeTest.tearDown(HrmEmployeeTest.java:29)
at java.base/java.util.ArrayList.forEach(ArrayList.java:1511)
... Removed 42 stack frames]]>
    </failure>
  </testcase> <!-- @AfterMethod tearDown -->
  <testcase classname="Assertions.AssertionsPracticeTest" name="listViewTest" time="0.0">
    <skipped/>
  </testcase> <!-- listViewTest -->
  <testcase classname="practice.Priority_Test" name="method1" time="0.001"/>
  <testcase classname="practice.Priority_Test" name="method3" time="0.001"/>
  <testcase classname="selenium.SeleniumParallel_Test" name="parallelSearch" time="0.0">
    <failure type="org.testng.TestNGException" message="
Parameter &amp;apos;search&amp;apos; is required by @Test on method parallelSearch but has not been marked @Optional or defined
">
      <![CDATA[org.testng.TestNGException: 
Parameter 'search' is required by @Test on method parallelSearch but has not been marked @Optional or defined

at java.base/java.util.ArrayList.forEach(ArrayList.java:1511)
... Removed 36 stack frames]]>
    </failure>
  </testcase> <!-- parallelSearch -->
  <testcase classname="selenium.SeleniumParallel3_Test" name="parallelM" time="0.0">
    <failure type="org.testng.TestNGException" message="
Parameter &amp;apos;name&amp;apos; is required by @Test on method parallelM but has not been marked @Optional or defined
">
      <![CDATA[org.testng.TestNGException: 
Parameter 'name' is required by @Test on method parallelM but has not been marked @Optional or defined

at java.base/java.util.ArrayList.forEach(ArrayList.java:1511)
... Removed 36 stack frames]]>
    </failure>
  </testcase> <!-- parallelM -->
  <testcase classname="selenium.SeleniumParallel3_Test" name="parallelSearch" time="0.0">
    <failure type="org.testng.TestNGException" message="
Parameter &amp;apos;search&amp;apos; is required by @Test on method parallelSearch but has not been marked @Optional or defined
">
      <![CDATA[org.testng.TestNGException: 
Parameter 'search' is required by @Test on method parallelSearch but has not been marked @Optional or defined

at java.base/java.util.ArrayList.forEach(ArrayList.java:1511)
... Removed 36 stack frames]]>
    </failure>
  </testcase> <!-- parallelSearch -->
  <testcase classname="selenium.SeleniumParallel2_Test" name="parallelM" time="0.0">
    <failure type="org.testng.TestNGException" message="
Parameter &amp;apos;name&amp;apos; is required by @Test on method parallelM but has not been marked @Optional or defined
">
      <![CDATA[org.testng.TestNGException: 
Parameter 'name' is required by @Test on method parallelM but has not been marked @Optional or defined

at java.base/java.util.ArrayList.forEach(ArrayList.java:1511)
... Removed 36 stack frames]]>
    </failure>
  </testcase> <!-- parallelM -->
  <testcase classname="paralleltesting.SingleMethodParallel_Test" name="test2" time="0.001"/>
  <testcase classname="paralleltesting.SingleMethodParallel_Test" name="test2" time="0.001"/>
  <testcase classname="paralleltesting.SingleMethodParallel_Test" name="test2" time="0.0"/>
  <testcase classname="practice.Grouping_Test" name="testHPEliteOne" time="0.0"/>
  <testcase classname="practice.Grouping_Test" name="testIphone" time="0.0"/>
  <testcase classname="practice.Grouping_Test" name="testMacBook" time="0.001"/>
  <testcase classname="paralleltesting.Parallel2_Test" name="testMethod1" time="3.002"/>
  <testcase classname="paralleltesting.Parallel2_Test" name="testMethod2" time="3.006"/>
  <testcase classname="paralleltesting.Parallel1_Test" name="testMethod1" time="3.006"/>
  <testcase classname="paralleltesting.Parallel1_Test" name="testMethod2" time="3.004"/>
  <testcase classname="test_listeners.Test_2" name="assertMethod" time="0.005"/>
  <testcase classname="test_listeners.Test_2" name="assertMethod2" time="0.002">
    <failure type="java.lang.AssertionError" message="expected [true] but found [false]">
      <![CDATA[java.lang.AssertionError: expected [true] but found [false]
at test_listeners.Test_2.assertMethod2(Test_2.java:21)
at java.base/java.util.ArrayList.forEach(ArrayList.java:1511)
... Removed 41 stack frames]]>
    </failure>
  </testcase> <!-- assertMethod2 -->
  <testcase classname="test_listeners.ExtentReport_Test" name="method1" time="0.0"/>
  <testcase classname="test_listeners.ExtentReport_Test" name="method2" time="0.001">
    <failure type="java.lang.AssertionError" message="expected [true] but found [false]">
      <![CDATA[java.lang.AssertionError: expected [true] but found [false]
at test_listeners.ExtentReport_Test.method2(ExtentReport_Test.java:33)
at java.base/java.util.ArrayList.forEach(ArrayList.java:1511)
... Removed 41 stack frames]]>
    </failure>
  </testcase> <!-- method2 -->
  <testcase classname="test_listeners.Test_1" name="method1" time="0.001"/>
  <testcase classname="test_listeners.Test_1" name="method2" time="0.0">
    <failure type="java.lang.AssertionError" message="expected [true] but found [false]">
      <![CDATA[java.lang.AssertionError: expected [true] but found [false]
at test_listeners.Test_1.method2(Test_1.java:38)
at java.base/java.util.ArrayList.forEach(ArrayList.java:1511)
... Removed 41 stack frames]]>
    </failure>
  </testcase> <!-- method2 -->
  <testcase classname="test_listeners.Test_3" name="method1" time="0.001"/>
  <testcase classname="test_listeners.Test_3" name="method2" time="0.0"/>
  <testcase classname="test_listeners.Test_3" name="method3" time="0.001"/>
  <testcase classname="test_listeners.Test_3" name="method3" time="0.001"/>
  <testcase classname="test_listeners.Test_3" name="method3" time="0.001"/>
  <testcase classname="test_listeners.Test_3" name="method3" time="0.001"/>
  <testcase classname="test_listeners.Test_3" name="method3" time="0.0"/>
  <testcase classname="test_listeners.Method_L_Test" name="method1" time="0.001"/>
  <testcase classname="test_listeners.Method_L_Test" name="method2" time="0.0">
    <failure type="java.lang.AssertionError" message="expected [true] but found [false]">
      <![CDATA[java.lang.AssertionError: expected [true] but found [false]
at test_listeners.Method_L_Test.method2(Method_L_Test.java:38)
at java.base/java.util.ArrayList.forEach(ArrayList.java:1511)
... Removed 41 stack frames]]>
    </failure>
  </testcase> <!-- method2 -->
  <testcase classname="practice.Grouping_Test" name="testSamsungNote" time="0.0"/>
  <testcase classname="practice.Grouping_Test" name="testSurfaceBook" time="0.001"/>
  <testcase classname="practice.Grouping_Test" name="testYoll" time="0.0"/>
  <testcase classname="practice.PreserveOrder2_Test" name="testMethod1" time="0.001"/>
  <testcase classname="practice.PreserveOrder2_Test" name="testMethod2" time="0.0"/>
  <testcase classname="practice.Enable_Test" name="testMethod3" time="0.001"/>
  <testcase classname="practice.Enable_Test" name="testMethod4" time="0.001"/>
  <testcase classname="practice.Parameter_Test" name="testMethod1" time="0.0">
    <failure type="org.testng.TestNGException" message="
Parameter &amp;apos;response&amp;apos; is required by @Test on method testMethod1 but has not been marked @Optional or defined
">
      <![CDATA[org.testng.TestNGException: 
Parameter 'response' is required by @Test on method testMethod1 but has not been marked @Optional or defined

at java.base/java.util.ArrayList.forEach(ArrayList.java:1511)
... Removed 36 stack frames]]>
    </failure>
  </testcase> <!-- testMethod1 -->
  <testcase classname="practice.DependentTestMethods_Test" name="testMethod2" time="0.001">
    <failure type="java.lang.AssertionError" message="expected [2] but found [3]">
      <![CDATA[java.lang.AssertionError: expected [2] but found [3]
at practice.DependentTestMethods_Test.testMethod2(DependentTestMethods_Test.java:37)
at java.base/java.util.ArrayList.forEach(ArrayList.java:1511)
... Removed 42 stack frames]]>
    </failure>
  </testcase> <!-- testMethod2 -->
  <testcase classname="practice.DependentTestMethods_Test" name="testMethod1" time="0.0"/>
  <testcase classname="practice.DependentTestMethods_Test" name="testMethod3" time="0.001"/>
  <testcase classname="practice.DependentTestMethods_Test" name="testMethod4" time="0.001"/>
  <testcase classname="Assertions.AssertionsPracticeTest" name="verifyBasicStuff" time="0.0">
    <skipped/>
  </testcase> <!-- verifyBasicStuff -->
  <testcase classname="Assertions.AssertionsPracticeTest" name="verifyCity" time="0.0">
    <skipped/>
  </testcase> <!-- verifyCity -->
  <testcase classname="Assertions.AssertionsPracticeTest" name="verifyFbTitle" time="0.0">
    <skipped/>
  </testcase> <!-- verifyFbTitle -->
  <testcase classname="Assertions.AssertionsPracticeTest" name="verifyLogo" time="0.0">
    <skipped/>
  </testcase> <!-- verifyLogo -->
  <testcase classname="Assertions.AssertionsPracticeTest" name="verifyMoreBasicStuff" time="0.0">
    <skipped/>
  </testcase> <!-- verifyMoreBasicStuff -->
  <testcase classname="HRM.AlertsTest" name="alertTest" time="0.0">
    <skipped/>
  </testcase> <!-- alertTest -->
  <testcase classname="HRM.HrmJobsTest" name="addJobTitle" time="0.0">
    <skipped/>
  </testcase> <!-- addJobTitle -->
  <testcase classname="HRM.HrmLoginTest" name="verify_logIn_with_invalid_credentials" time="0.0">
    <skipped/>
  </testcase> <!-- verify_logIn_with_invalid_credentials -->
  <testcase classname="HRM.HrmLoginTest" name="verify_logIn_with_valid_credentials" time="0.0">
    <skipped/>
  </testcase> <!-- verify_logIn_with_valid_credentials -->
  <testcase classname="HRM.WindowTabTest" name="handleNewBrowserWindow" time="0.0">
    <skipped/>
  </testcase> <!-- handleNewBrowserWindow -->
  <testcase classname="HRM.iFrameTest" name="iFrameTest" time="0.0">
    <skipped/>
  </testcase> <!-- iFrameTest -->
  <testcase classname="HRM.iFrameTest" name="nestedIframeTest" time="0.0">
    <skipped/>
  </testcase> <!-- nestedIframeTest -->
  <testcase classname="HRM.HrmEmployeeTest" name="addEmployee" time="0.0">
    <skipped/>
  </testcase> <!-- addEmployee -->
  <testcase classname="data_providers.DataProvider_Test" name="testMethod1" time="0.0">
    <failure type="org.testng.TestNGException" message="
Method public void data_providers.DataProvider_Test.testMethod1(java.lang.String) throws java.lang.InterruptedException requires a @DataProvider named : test-data in class data_providers.TestData2">
      <![CDATA[org.testng.TestNGException: 
Method public void data_providers.DataProvider_Test.testMethod1(java.lang.String) throws java.lang.InterruptedException requires a @DataProvider named : test-data in class data_providers.TestData2
at java.base/java.util.ArrayList.forEach(ArrayList.java:1511)
... Removed 34 stack frames]]>
    </failure>
  </testcase> <!-- testMethod1 -->
  <testcase classname="practice.Priority_Test" name="method2" time="0.0"/>
  <testcase classname="practice.PreserveOrder1_Test" name="testMethod1" time="0.0"/>
  <testcase classname="practice.PreserveOrder1_Test" name="testMethod2" time="0.0"/>
  <testcase classname="practice.Enable_Test" name="testMethod1" time="0.0">
    <ignored/>
  </testcase> <!-- testMethod1 -->
  <testcase classname="practice.Enable_Test" name="testMethod2" time="0.0">
    <ignored/>
  </testcase> <!-- testMethod2 -->
</testsuite> <!-- Command line test -->
