<!DOCTYPE html PUBLIC "-//W3C//DTD XHTML 1.1//EN" "http://www.w3.org/TR/xhtml11/DTD/xhtml11.dtd">
<html xmlns="http://www.w3.org/1999/xhtml">
<head>
<meta http-equiv="content-type" content="text/html; charset=UTF-8"/>
<title>TestNG Report</title>
<style type="text/css">table {margin-bottom:10px;border-collapse:collapse;empty-cells:show}th,td {border:1px solid #009;padding:.25em .5em}th {vertical-align:bottom}td {vertical-align:top}table a {font-weight:bold}.stripe td {background-color: #E6EBF9}.num {text-align:right}.passedodd td {background-color: #3F3}.passedeven td {background-color: #0A0}.skippedodd td {background-color: #DDD}.skippedeven td {background-color: #CCC}.failedodd td,.attn {background-color: #F33}.failedeven td,.stripe .attn {background-color: #D00}.stacktrace {white-space:pre;font-family:monospace}.totop {font-size:85%;text-align:center;border-bottom:2px solid #000}.invisible {display:none}</style>
</head>
<body>
<table>
<tr><th>Test</th><th># Passed</th><th># Skipped</th><th># Retried</th><th># Failed</th><th>Time (ms)</th><th>Included Groups</th><th>Excluded Groups</th></tr>
<tr><th colspan="8">Command line suite</th></tr>
<tr><td><a href="#t0">Command line test</a></td><td class="num">34</td><td class="num attn">14</td><td class="num">0</td><td class="num attn">11</td><td class="num">17,535</td><td></td><td></td></tr>
</table>
<table id='summary'><thead><tr><th>Class</th><th>Method</th><th>Start</th><th>Time (ms)</th></tr></thead><tbody><tr><th colspan="4">Command line suite</th></tr></tbody><tbody id="t0"><tr><th colspan="4">Command line test &#8212; failed (configuration methods)</th></tr><tr class="failedeven"><td rowspan="1">Assertions.AssertionsPracticeTest</td><td><a href="#m0">setup</a></td><td rowspan="1">1637610317872</td><td rowspan="1">64</td></tr><tr class="failedodd"><td rowspan="2">HRM.AlertsTest</td><td><a href="#m1">setup</a></td><td rowspan="1">1637610330075</td><td rowspan="1">1</td></tr><tr class="failedodd"><td><a href="#m2">tearDown</a></td><td rowspan="1">1637610330078</td><td rowspan="1">0</td></tr><tr class="failedeven"><td rowspan="2">HRM.HrmEmployeeTest</td><td><a href="#m3">setup</a></td><td rowspan="1">1637610330101</td><td rowspan="1">1</td></tr><tr class="failedeven"><td><a href="#m4">tearDown</a></td><td rowspan="1">1637610330103</td><td rowspan="1">0</td></tr><tr class="failedodd"><td rowspan="2">HRM.HrmJobsTest</td><td><a href="#m5">setup</a></td><td rowspan="1">1637610330080</td><td rowspan="1">1</td></tr><tr class="failedodd"><td><a href="#m6">tearDown</a></td><td rowspan="1">1637610330082</td><td rowspan="1">1</td></tr><tr class="failedeven"><td rowspan="4">HRM.HrmLoginTest</td><td><a href="#m7">setup</a></td><td rowspan="2">1637610330084</td><td rowspan="2">1</td></tr><tr class="failedeven"><td><a href="#m8">setup</a></td></tr><tr class="failedeven"><td><a href="#m9">tearDown</a></td><td rowspan="2">1637610330090</td><td rowspan="2">0</td></tr><tr class="failedeven"><td><a href="#m10">tearDown</a></td></tr><tr class="failedodd"><td rowspan="2">HRM.WindowTabTest</td><td><a href="#m11">setup</a></td><td rowspan="1">1637610330091</td><td rowspan="1">1</td></tr><tr class="failedodd"><td><a href="#m12">tearDown</a></td><td rowspan="1">1637610330094</td><td rowspan="1">0</td></tr><tr class="failedeven"><td rowspan="4">HRM.iFrameTest</td><td><a href="#m13">setup</a></td><td rowspan="2">1637610330095</td><td rowspan="2">1</td></tr><tr class="failedeven"><td><a href="#m14">setup</a></td></tr><tr class="failedeven"><td><a href="#m15">tearDown</a></td><td rowspan="2">1637610330097</td><td rowspan="2">1</td></tr><tr class="failedeven"><td><a href="#m16">tearDown</a></td></tr><tr class="failedodd"><td rowspan="1">practice.Parameter_Test</td><td><a href="#m17">setUp</a></td><td rowspan="1">1637610330050</td><td rowspan="1">-1637610330050</td></tr><tr class="failedeven"><td rowspan="1">selenium.SeleniumParallel2_Test</td><td><a href="#m18">prepareTest</a></td><td rowspan="1">1637610317959</td><td rowspan="1">-1637610317959</td></tr><tr class="failedodd"><td rowspan="1">selenium.SeleniumParallel3_Test</td><td><a href="#m19">prepareTest</a></td><td rowspan="1">1637610317952</td><td rowspan="1">-1637610317952</td></tr><tr class="failedeven"><td rowspan="1">selenium.SeleniumParallel_Test</td><td><a href="#m20">prepareTest</a></td><td rowspan="1">1637610317948</td><td rowspan="1">-1637610317948</td></tr><tr><th colspan="4">Command line test &#8212; failed</th></tr><tr class="failedeven"><td rowspan="1">data_providers.DataProvider_Test</td><td><a href="#m21">testMethod1</a></td><td rowspan="1">1637610330105</td><td rowspan="1">0</td></tr><tr class="failedodd"><td rowspan="1">practice.DependentTestMethods_Test</td><td><a href="#m22">testMethod2</a></td><td rowspan="1">1637610330054</td><td rowspan="1">1</td></tr><tr class="failedeven"><td rowspan="1">practice.Parameter_Test</td><td><a href="#m23">testMethod1</a></td><td rowspan="1">1637610330052</td><td rowspan="1">0</td></tr><tr class="failedodd"><td rowspan="1">selenium.SeleniumParallel2_Test</td><td><a href="#m24">parallelM</a></td><td rowspan="1">1637610317961</td><td rowspan="1">0</td></tr><tr class="failedeven"><td rowspan="2">selenium.SeleniumParallel3_Test</td><td><a href="#m25">parallelM</a></td><td rowspan="1">1637610317954</td><td rowspan="1">0</td></tr><tr class="failedeven"><td><a href="#m26">parallelSearch</a></td><td rowspan="1">1637610317957</td><td rowspan="1">0</td></tr><tr class="failedodd"><td rowspan="1">selenium.SeleniumParallel_Test</td><td><a href="#m27">parallelSearch</a></td><td rowspan="1">1637610317950</td><td rowspan="1">0</td></tr><tr class="failedeven"><td rowspan="1">test_listeners.ExtentReport_Test</td><td><a href="#m28">method2</a></td><td rowspan="1">1637610330012</td><td rowspan="1">1</td></tr><tr class="failedodd"><td rowspan="1">test_listeners.Method_L_Test</td><td><a href="#m29">method2</a></td><td rowspan="1">1637610330037</td><td rowspan="1">0</td></tr><tr class="failedeven"><td rowspan="1">test_listeners.Test_1</td><td><a href="#m30">method2</a></td><td rowspan="1">1637610330020</td><td rowspan="1">0</td></tr><tr class="failedodd"><td rowspan="1">test_listeners.Test_2</td><td><a href="#m31">assertMethod2</a></td><td rowspan="1">1637610330006</td><td rowspan="1">2</td></tr><tr><th colspan="4">Command line test &#8212; skipped (configuration methods)</th></tr><tr class="skippedeven"><td rowspan="5">Assertions.AssertionsPracticeTest</td><td><a href="#m32">setup</a></td><td rowspan="5">1637610330071</td><td rowspan="5">-1637610330071</td></tr><tr class="skippedeven"><td><a href="#m33">setup</a></td></tr><tr class="skippedeven"><td><a href="#m34">setup</a></td></tr><tr class="skippedeven"><td><a href="#m35">setup</a></td></tr><tr class="skippedeven"><td><a href="#m36">setup</a></td></tr><tr class="skippedodd"><td rowspan="1">selenium.SeleniumParallel2_Test</td><td><a href="#m37">endTest</a></td><td rowspan="1">1637610317962</td><td rowspan="1">-1637610317962</td></tr><tr class="skippedeven"><td rowspan="1">selenium.SeleniumParallel3_Test</td><td><a href="#m38">endTest</a></td><td rowspan="1">1637610317958</td><td rowspan="1">-1637610317958</td></tr><tr class="skippedodd"><td rowspan="1">selenium.SeleniumParallel_Test</td><td><a href="#m39">endTest</a></td><td rowspan="1">1637610317951</td><td rowspan="1">-1637610317951</td></tr><tr><th colspan="4">Command line test &#8212; skipped</th></tr><tr class="skippedeven"><td rowspan="6">Assertions.AssertionsPracticeTest</td><td><a href="#m40">listViewTest</a></td><td rowspan="1">1637610317940</td><td rowspan="1">0</td></tr><tr class="skippedeven"><td><a href="#m41">verifyBasicStuff</a></td><td rowspan="1">1637610330066</td><td rowspan="1">0</td></tr><tr class="skippedeven"><td><a href="#m42">verifyCity</a></td><td rowspan="1">1637610330068</td><td rowspan="1">0</td></tr><tr class="skippedeven"><td><a href="#m43">verifyFbTitle</a></td><td rowspan="1">1637610330070</td><td rowspan="1">0</td></tr><tr class="skippedeven"><td><a href="#m44">verifyLogo</a></td><td rowspan="1">1637610330072</td><td rowspan="1">0</td></tr><tr class="skippedeven"><td><a href="#m45">verifyMoreBasicStuff</a></td><td rowspan="1">1637610330073</td><td rowspan="1">0</td></tr><tr class="skippedodd"><td rowspan="1">HRM.AlertsTest</td><td><a href="#m46">alertTest</a></td><td rowspan="1">1637610330077</td><td rowspan="1">0</td></tr><tr class="skippedeven"><td rowspan="1">HRM.HrmEmployeeTest</td><td><a href="#m47">addEmployee</a></td><td rowspan="1">1637610330102</td><td rowspan="1">0</td></tr><tr class="skippedodd"><td rowspan="1">HRM.HrmJobsTest</td><td><a href="#m48">addJobTitle</a></td><td rowspan="1">1637610330082</td><td rowspan="1">0</td></tr><tr class="skippedeven"><td rowspan="2">HRM.HrmLoginTest</td><td><a href="#m49">verify_logIn_with_invalid_credentials</a></td><td rowspan="1">1637610330086</td><td rowspan="1">0</td></tr><tr class="skippedeven"><td><a href="#m50">verify_logIn_with_valid_credentials</a></td><td rowspan="1">1637610330089</td><td rowspan="1">0</td></tr><tr class="skippedodd"><td rowspan="1">HRM.WindowTabTest</td><td><a href="#m51">handleNewBrowserWindow</a></td><td rowspan="1">1637610330093</td><td rowspan="1">0</td></tr><tr class="skippedeven"><td rowspan="2">HRM.iFrameTest</td><td><a href="#m52">iFrameTest</a></td><td rowspan="1">1637610330097</td><td rowspan="1">0</td></tr><tr class="skippedeven"><td><a href="#m53">nestedIframeTest</a></td><td rowspan="1">1637610330099</td><td rowspan="1">0</td></tr><tr><th colspan="4">Command line test &#8212; passed</th></tr><tr class="passedeven"><td rowspan="2">paralleltesting.Parallel1_Test</td><td><a href="#m54">testMethod1</a></td><td rowspan="1">1637610323985</td><td rowspan="1">3006</td></tr><tr class="passedeven"><td><a href="#m55">testMethod2</a></td><td rowspan="1">1637610326993</td><td rowspan="1">3004</td></tr><tr class="passedodd"><td rowspan="2">paralleltesting.Parallel2_Test</td><td><a href="#m56">testMethod1</a></td><td rowspan="1">1637610317972</td><td rowspan="1">3002</td></tr><tr class="passedodd"><td><a href="#m57">testMethod2</a></td><td rowspan="1">1637610320977</td><td rowspan="1">3006</td></tr><tr class="passedeven"><td rowspan="3">paralleltesting.SingleMethodParallel_Test</td><td><a href="#m58">test2</a></td><td rowspan="3">1637610317964</td><td rowspan="3">1</td></tr><tr class="passedeven"><td><a href="#m59">test2</a></td></tr><tr class="passedeven"><td><a href="#m60">test2</a></td></tr><tr class="passedodd"><td rowspan="3">practice.DependentTestMethods_Test</td><td><a href="#m61">testMethod1</a></td><td rowspan="1">1637610330057</td><td rowspan="1">0</td></tr><tr class="passedodd"><td><a href="#m62">testMethod3</a></td><td rowspan="1">1637610330060</td><td rowspan="1">1</td></tr><tr class="passedodd"><td><a href="#m63">testMethod4</a></td><td rowspan="1">1637610330062</td><td rowspan="1">1</td></tr><tr class="passedeven"><td rowspan="2">practice.Enable_Test</td><td><a href="#m64">testMethod3</a></td><td rowspan="1">1637610330046</td><td rowspan="1">1</td></tr><tr class="passedeven"><td><a href="#m65">testMethod4</a></td><td rowspan="1">1637610330048</td><td rowspan="1">1</td></tr><tr class="passedodd"><td rowspan="6">practice.Grouping_Test</td><td><a href="#m66">testHPEliteOne</a></td><td rowspan="1">1637610317968</td><td rowspan="1">0</td></tr><tr class="passedodd"><td><a href="#m67">testIphone</a></td><td rowspan="1">1637610317969</td><td rowspan="1">0</td></tr><tr class="passedodd"><td><a href="#m68">testMacBook</a></td><td rowspan="1">1637610317970</td><td rowspan="1">1</td></tr><tr class="passedodd"><td><a href="#m69">testSamsungNote</a></td><td rowspan="1">1637610330039</td><td rowspan="1">0</td></tr><tr class="passedodd"><td><a href="#m70">testSurfaceBook</a></td><td rowspan="1">1637610330040</td><td rowspan="1">1</td></tr><tr class="passedodd"><td><a href="#m71">testYoll</a></td><td rowspan="1">1637610330042</td><td rowspan="1">0</td></tr><tr class="passedeven"><td rowspan="2">practice.PreserveOrder1_Test</td><td><a href="#m72">testMethod1</a></td><td rowspan="1">1637610330107</td><td rowspan="1">0</td></tr><tr class="passedeven"><td><a href="#m73">testMethod2</a></td><td rowspan="1">1637610330108</td><td rowspan="1">0</td></tr><tr class="passedodd"><td rowspan="2">practice.PreserveOrder2_Test</td><td><a href="#m74">testMethod1</a></td><td rowspan="1">1637610330043</td><td rowspan="1">1</td></tr><tr class="passedodd"><td><a href="#m75">testMethod2</a></td><td rowspan="1">1637610330045</td><td rowspan="1">0</td></tr><tr class="passedeven"><td rowspan="3">practice.Priority_Test</td><td><a href="#m76">method1</a></td><td rowspan="1">1637610317944</td><td rowspan="1">1</td></tr><tr class="passedeven"><td><a href="#m77">method2</a></td><td rowspan="1">1637610330106</td><td rowspan="1">0</td></tr><tr class="passedeven"><td><a href="#m78">method3</a></td><td rowspan="1">1637610317947</td><td rowspan="1">1</td></tr><tr class="passedodd"><td rowspan="1">test_listeners.ExtentReport_Test</td><td><a href="#m79">method1</a></td><td rowspan="1">1637610330011</td><td rowspan="1">0</td></tr><tr class="passedeven"><td rowspan="1">test_listeners.Method_L_Test</td><td><a href="#m80">method1</a></td><td rowspan="1">1637610330035</td><td rowspan="1">1</td></tr><tr class="passedodd"><td rowspan="1">test_listeners.Test_1</td><td><a href="#m81">method1</a></td><td rowspan="1">1637610330015</td><td rowspan="1">1</td></tr><tr class="passedeven"><td rowspan="1">test_listeners.Test_2</td><td><a href="#m82">assertMethod</a></td><td rowspan="1">1637610329999</td><td rowspan="1">5</td></tr><tr class="passedodd"><td rowspan="5">test_listeners.Test_3</td><td><a href="#m83">method1</a></td><td rowspan="1">1637610330023</td><td rowspan="1">1</td></tr><tr class="passedodd"><td><a href="#m84">method2</a></td><td rowspan="1">1637610330025</td><td rowspan="1">0</td></tr><tr class="passedodd"><td><a href="#m85">method3</a></td><td rowspan="3">1637610330032</td><td rowspan="3">1</td></tr><tr class="passedodd"><td><a href="#m86">method3</a></td></tr><tr class="passedodd"><td><a href="#m87">method3</a></td></tr></tbody>
</table>
<h2>Command line test</h2><h3 id="m0">Assertions.AssertionsPracticeTest#setup</h3><table class="result"><tr><th>Exception</th></tr><tr><td><div class="stacktrace">java.lang.IllegalStateException: The driver executable does not exist: /Users/gagash/IdeaProjects/untitled2/untitled2/mavenTest/src/main/resources/chromedriver
	at com.google.common.base.Preconditions.checkState(Preconditions.java:585)
	at org.openqa.selenium.remote.service.DriverService.checkExecutable(DriverService.java:146)
	at org.openqa.selenium.remote.service.DriverService.findExecutable(DriverService.java:141)
	at org.openqa.selenium.chrome.ChromeDriverService.access$000(ChromeDriverService.java:35)
	at org.openqa.selenium.chrome.ChromeDriverService$Builder.findDefaultExecutable(ChromeDriverService.java:159)
	at org.openqa.selenium.remote.service.DriverService$Builder.build(DriverService.java:355)
	at org.openqa.selenium.chrome.ChromeDriverService.createDefaultService(ChromeDriverService.java:94)
	at org.openqa.selenium.chrome.ChromeDriver.&lt;init&gt;(ChromeDriver.java:123)
	at Assertions.AssertionsPracticeTest.setup(AssertionsPracticeTest.java:23)
	at java.base/java.util.ArrayList.forEach(ArrayList.java:1511)
... Removed 41 stack frames</div></td></tr></table><p class="totop"><a href="#summary">back to summary</a></p>
<h3 id="m1">HRM.AlertsTest#setup</h3><table class="result"><tr><th>Exception</th></tr><tr><td><div class="stacktrace">java.lang.IllegalStateException: The driver executable does not exist: /Users/gagash/IdeaProjects/untitled2/untitled2/mavenTest/src/main/resources/chromedriver
	at com.google.common.base.Preconditions.checkState(Preconditions.java:585)
	at org.openqa.selenium.remote.service.DriverService.checkExecutable(DriverService.java:146)
	at org.openqa.selenium.remote.service.DriverService.findExecutable(DriverService.java:141)
	at org.openqa.selenium.chrome.ChromeDriverService.access$000(ChromeDriverService.java:35)
	at org.openqa.selenium.chrome.ChromeDriverService$Builder.findDefaultExecutable(ChromeDriverService.java:159)
	at org.openqa.selenium.remote.service.DriverService$Builder.build(DriverService.java:355)
	at org.openqa.selenium.chrome.ChromeDriverService.createDefaultService(ChromeDriverService.java:94)
	at org.openqa.selenium.chrome.ChromeDriver.&lt;init&gt;(ChromeDriver.java:123)
	at HRM.AlertsTest.setup(AlertsTest.java:22)
	at java.base/java.util.ArrayList.forEach(ArrayList.java:1511)
... Removed 41 stack frames</div></td></tr></table><p class="totop"><a href="#summary">back to summary</a></p>
<h3 id="m2">HRM.AlertsTest#tearDown</h3><table class="result"><tr><th>Exception</th></tr><tr><td><div class="stacktrace">java.lang.NullPointerException: Cannot invoke &quot;org.openqa.selenium.WebDriver.quit()&quot; because &quot;this.driver&quot; is null
	at HRM.AlertsTest.tearDown(AlertsTest.java:53)
	at java.base/java.util.ArrayList.forEach(ArrayList.java:1511)
... Removed 42 stack frames</div></td></tr></table><p class="totop"><a href="#summary">back to summary</a></p>
<h3 id="m3">HRM.HrmEmployeeTest#setup</h3><table class="result"><tr><th>Exception</th></tr><tr><td><div class="stacktrace">java.lang.IllegalStateException: The driver executable does not exist: /Users/gagash/IdeaProjects/untitled2/untitled2/mavenTest/src/main/resources/chromedriver
	at com.google.common.base.Preconditions.checkState(Preconditions.java:585)
	at org.openqa.selenium.remote.service.DriverService.checkExecutable(DriverService.java:146)
	at org.openqa.selenium.remote.service.DriverService.findExecutable(DriverService.java:141)
	at org.openqa.selenium.chrome.ChromeDriverService.access$000(ChromeDriverService.java:35)
	at org.openqa.selenium.chrome.ChromeDriverService$Builder.findDefaultExecutable(ChromeDriverService.java:159)
	at org.openqa.selenium.remote.service.DriverService$Builder.build(DriverService.java:355)
	at org.openqa.selenium.chrome.ChromeDriverService.createDefaultService(ChromeDriverService.java:94)
	at org.openqa.selenium.chrome.ChromeDriver.&lt;init&gt;(ChromeDriver.java:123)
	at HRM.HrmEmployeeTest.setup(HrmEmployeeTest.java:20)
	at java.base/java.util.ArrayList.forEach(ArrayList.java:1511)
... Removed 41 stack frames</div></td></tr></table><p class="totop"><a href="#summary">back to summary</a></p>
<h3 id="m4">HRM.HrmEmployeeTest#tearDown</h3><table class="result"><tr><th>Exception</th></tr><tr><td><div class="stacktrace">java.lang.NullPointerException: Cannot invoke &quot;org.openqa.selenium.WebDriver.quit()&quot; because &quot;this.driver&quot; is null
	at HRM.HrmEmployeeTest.tearDown(HrmEmployeeTest.java:29)
	at java.base/java.util.ArrayList.forEach(ArrayList.java:1511)
... Removed 42 stack frames</div></td></tr></table><p class="totop"><a href="#summary">back to summary</a></p>
<h3 id="m5">HRM.HrmJobsTest#setup</h3><table class="result"><tr><th>Exception</th></tr><tr><td><div class="stacktrace">java.lang.IllegalStateException: The driver executable does not exist: /Users/gagash/IdeaProjects/untitled2/untitled2/mavenTest/src/main/resources/chromedriver
	at com.google.common.base.Preconditions.checkState(Preconditions.java:585)
	at org.openqa.selenium.remote.service.DriverService.checkExecutable(DriverService.java:146)
	at org.openqa.selenium.remote.service.DriverService.findExecutable(DriverService.java:141)
	at org.openqa.selenium.chrome.ChromeDriverService.access$000(ChromeDriverService.java:35)
	at org.openqa.selenium.chrome.ChromeDriverService$Builder.findDefaultExecutable(ChromeDriverService.java:159)
	at org.openqa.selenium.remote.service.DriverService$Builder.build(DriverService.java:355)
	at org.openqa.selenium.chrome.ChromeDriverService.createDefaultService(ChromeDriverService.java:94)
	at org.openqa.selenium.chrome.ChromeDriver.&lt;init&gt;(ChromeDriver.java:123)
	at HRM.HrmJobsTest.setup(HrmJobsTest.java:22)
	at java.base/java.util.ArrayList.forEach(ArrayList.java:1511)
... Removed 41 stack frames</div></td></tr></table><p class="totop"><a href="#summary">back to summary</a></p>
<h3 id="m6">HRM.HrmJobsTest#tearDown</h3><table class="result"><tr><th>Exception</th></tr><tr><td><div class="stacktrace">java.lang.NullPointerException: Cannot invoke &quot;org.openqa.selenium.WebDriver.quit()&quot; because &quot;this.driver&quot; is null
	at HRM.HrmJobsTest.tearDown(HrmJobsTest.java:68)
	at java.base/java.util.ArrayList.forEach(ArrayList.java:1511)
... Removed 42 stack frames</div></td></tr></table><p class="totop"><a href="#summary">back to summary</a></p>
<h3 id="m7">HRM.HrmLoginTest#setup</h3><table class="result"><tr><th>Exception</th></tr><tr><td><div class="stacktrace">java.lang.IllegalStateException: The driver executable does not exist: /Users/gagash/IdeaProjects/untitled2/untitled2/mavenTest/src/main/resources/chromedriver
	at com.google.common.base.Preconditions.checkState(Preconditions.java:585)
	at org.openqa.selenium.remote.service.DriverService.checkExecutable(DriverService.java:146)
	at org.openqa.selenium.remote.service.DriverService.findExecutable(DriverService.java:141)
	at org.openqa.selenium.chrome.ChromeDriverService.access$000(ChromeDriverService.java:35)
	at org.openqa.selenium.chrome.ChromeDriverService$Builder.findDefaultExecutable(ChromeDriverService.java:159)
	at org.openqa.selenium.remote.service.DriverService$Builder.build(DriverService.java:355)
	at org.openqa.selenium.chrome.ChromeDriverService.createDefaultService(ChromeDriverService.java:94)
	at org.openqa.selenium.chrome.ChromeDriver.&lt;init&gt;(ChromeDriver.java:123)
	at HRM.HrmLoginTest.setup(HrmLoginTest.java:24)
	at java.base/java.util.ArrayList.forEach(ArrayList.java:1511)
... Removed 41 stack frames</div></td></tr></table><p class="totop"><a href="#summary">back to summary</a></p>
<h3 id="m8">HRM.HrmLoginTest#setup</h3><table class="result"><tr><th>Exception</th></tr><tr><td><div class="stacktrace">java.lang.IllegalStateException: The driver executable does not exist: /Users/gagash/IdeaProjects/untitled2/untitled2/mavenTest/src/main/resources/chromedriver
	at com.google.common.base.Preconditions.checkState(Preconditions.java:585)
	at org.openqa.selenium.remote.service.DriverService.checkExecutable(DriverService.java:146)
	at org.openqa.selenium.remote.service.DriverService.findExecutable(DriverService.java:141)
	at org.openqa.selenium.chrome.ChromeDriverService.access$000(ChromeDriverService.java:35)
	at org.openqa.selenium.chrome.ChromeDriverService$Builder.findDefaultExecutable(ChromeDriverService.java:159)
	at org.openqa.selenium.remote.service.DriverService$Builder.build(DriverService.java:355)
	at org.openqa.selenium.chrome.ChromeDriverService.createDefaultService(ChromeDriverService.java:94)
	at org.openqa.selenium.chrome.ChromeDriver.&lt;init&gt;(ChromeDriver.java:123)
	at HRM.HrmLoginTest.setup(HrmLoginTest.java:24)
	at java.base/java.util.ArrayList.forEach(ArrayList.java:1511)
... Removed 41 stack frames</div></td></tr></table><p class="totop"><a href="#summary">back to summary</a></p>
<h3 id="m9">HRM.HrmLoginTest#tearDown</h3><table class="result"><tr><th>Exception</th></tr><tr><td><div class="stacktrace">java.lang.NullPointerException: Cannot invoke &quot;org.openqa.selenium.WebDriver.quit()&quot; because &quot;this.driver&quot; is null
	at HRM.HrmLoginTest.tearDown(HrmLoginTest.java:48)
	at java.base/java.util.ArrayList.forEach(ArrayList.java:1511)
... Removed 42 stack frames</div></td></tr></table><p class="totop"><a href="#summary">back to summary</a></p>
<h3 id="m10">HRM.HrmLoginTest#tearDown</h3><table class="result"><tr><th>Exception</th></tr><tr><td><div class="stacktrace">java.lang.NullPointerException: Cannot invoke &quot;org.openqa.selenium.WebDriver.quit()&quot; because &quot;this.driver&quot; is null
	at HRM.HrmLoginTest.tearDown(HrmLoginTest.java:48)
	at java.base/java.util.ArrayList.forEach(ArrayList.java:1511)
... Removed 42 stack frames</div></td></tr></table><p class="totop"><a href="#summary">back to summary</a></p>
<h3 id="m11">HRM.WindowTabTest#setup</h3><table class="result"><tr><th>Exception</th></tr><tr><td><div class="stacktrace">java.lang.IllegalStateException: The driver executable does not exist: /Users/gagash/IdeaProjects/untitled2/untitled2/mavenTest/src/main/resources/chromedriver
	at com.google.common.base.Preconditions.checkState(Preconditions.java:585)
	at org.openqa.selenium.remote.service.DriverService.checkExecutable(DriverService.java:146)
	at org.openqa.selenium.remote.service.DriverService.findExecutable(DriverService.java:141)
	at org.openqa.selenium.chrome.ChromeDriverService.access$000(ChromeDriverService.java:35)
	at org.openqa.selenium.chrome.ChromeDriverService$Builder.findDefaultExecutable(ChromeDriverService.java:159)
	at org.openqa.selenium.remote.service.DriverService$Builder.build(DriverService.java:355)
	at org.openqa.selenium.chrome.ChromeDriverService.createDefaultService(ChromeDriverService.java:94)
	at org.openqa.selenium.chrome.ChromeDriver.&lt;init&gt;(ChromeDriver.java:123)
	at HRM.WindowTabTest.setup(WindowTabTest.java:19)
	at java.base/java.util.ArrayList.forEach(ArrayList.java:1511)
... Removed 41 stack frames</div></td></tr></table><p class="totop"><a href="#summary">back to summary</a></p>
<h3 id="m12">HRM.WindowTabTest#tearDown</h3><table class="result"><tr><th>Exception</th></tr><tr><td><div class="stacktrace">java.lang.NullPointerException: Cannot invoke &quot;org.openqa.selenium.WebDriver.quit()&quot; because &quot;this.driver&quot; is null
	at HRM.WindowTabTest.tearDown(WindowTabTest.java:86)
	at java.base/java.util.ArrayList.forEach(ArrayList.java:1511)
... Removed 42 stack frames</div></td></tr></table><p class="totop"><a href="#summary">back to summary</a></p>
<h3 id="m13">HRM.iFrameTest#setup</h3><table class="result"><tr><th>Exception</th></tr><tr><td><div class="stacktrace">java.lang.IllegalStateException: The driver executable does not exist: /Users/gagash/IdeaProjects/untitled2/untitled2/mavenTest/src/main/resources/chromedriver
	at com.google.common.base.Preconditions.checkState(Preconditions.java:585)
	at org.openqa.selenium.remote.service.DriverService.checkExecutable(DriverService.java:146)
	at org.openqa.selenium.remote.service.DriverService.findExecutable(DriverService.java:141)
	at org.openqa.selenium.chrome.ChromeDriverService.access$000(ChromeDriverService.java:35)
	at org.openqa.selenium.chrome.ChromeDriverService$Builder.findDefaultExecutable(ChromeDriverService.java:159)
	at org.openqa.selenium.remote.service.DriverService$Builder.build(DriverService.java:355)
	at org.openqa.selenium.chrome.ChromeDriverService.createDefaultService(ChromeDriverService.java:94)
	at org.openqa.selenium.chrome.ChromeDriver.&lt;init&gt;(ChromeDriver.java:123)
	at HRM.iFrameTest.setup(iFrameTest.java:19)
	at java.base/java.util.ArrayList.forEach(ArrayList.java:1511)
... Removed 41 stack frames</div></td></tr></table><p class="totop"><a href="#summary">back to summary</a></p>
<h3 id="m14">HRM.iFrameTest#setup</h3><table class="result"><tr><th>Exception</th></tr><tr><td><div class="stacktrace">java.lang.IllegalStateException: The driver executable does not exist: /Users/gagash/IdeaProjects/untitled2/untitled2/mavenTest/src/main/resources/chromedriver
	at com.google.common.base.Preconditions.checkState(Preconditions.java:585)
	at org.openqa.selenium.remote.service.DriverService.checkExecutable(DriverService.java:146)
	at org.openqa.selenium.remote.service.DriverService.findExecutable(DriverService.java:141)
	at org.openqa.selenium.chrome.ChromeDriverService.access$000(ChromeDriverService.java:35)
	at org.openqa.selenium.chrome.ChromeDriverService$Builder.findDefaultExecutable(ChromeDriverService.java:159)
	at org.openqa.selenium.remote.service.DriverService$Builder.build(DriverService.java:355)
	at org.openqa.selenium.chrome.ChromeDriverService.createDefaultService(ChromeDriverService.java:94)
	at org.openqa.selenium.chrome.ChromeDriver.&lt;init&gt;(ChromeDriver.java:123)
	at HRM.iFrameTest.setup(iFrameTest.java:19)
	at java.base/java.util.ArrayList.forEach(ArrayList.java:1511)
... Removed 41 stack frames</div></td></tr></table><p class="totop"><a href="#summary">back to summary</a></p>
<h3 id="m15">HRM.iFrameTest#tearDown</h3><table class="result"><tr><th>Exception</th></tr><tr><td><div class="stacktrace">java.lang.NullPointerException: Cannot invoke &quot;org.openqa.selenium.WebDriver.quit()&quot; because &quot;this.driver&quot; is null
	at HRM.iFrameTest.tearDown(iFrameTest.java:70)
	at java.base/java.util.ArrayList.forEach(ArrayList.java:1511)
... Removed 42 stack frames</div></td></tr></table><p class="totop"><a href="#summary">back to summary</a></p>
<h3 id="m16">HRM.iFrameTest#tearDown</h3><table class="result"><tr><th>Exception</th></tr><tr><td><div class="stacktrace">java.lang.NullPointerException: Cannot invoke &quot;org.openqa.selenium.WebDriver.quit()&quot; because &quot;this.driver&quot; is null
	at HRM.iFrameTest.tearDown(iFrameTest.java:70)
	at java.base/java.util.ArrayList.forEach(ArrayList.java:1511)
... Removed 42 stack frames</div></td></tr></table><p class="totop"><a href="#summary">back to summary</a></p>
<h3 id="m17">practice.Parameter_Test#setUp</h3><table class="result"><tr><th>Exception</th></tr><tr><td><div class="stacktrace">org.testng.TestNGException: 
Parameter &apos;browser&apos; is required by BeforeClass on method setUp but has not been marked @Optional or defined

	at java.base/java.util.ArrayList.forEach(ArrayList.java:1511)
... Removed 32 stack frames</div></td></tr></table><p class="totop"><a href="#summary">back to summary</a></p>
<h3 id="m18">selenium.SeleniumParallel2_Test#prepareTest</h3><table class="result"><tr><th>Exception</th></tr><tr><td><div class="stacktrace">org.testng.TestNGException: 
Parameter &apos;browser&apos; is required by BeforeClass on method prepareTest but has not been marked @Optional or defined

	at java.base/java.util.ArrayList.forEach(ArrayList.java:1511)
... Removed 32 stack frames</div></td></tr></table><p class="totop"><a href="#summary">back to summary</a></p>
<h3 id="m19">selenium.SeleniumParallel3_Test#prepareTest</h3><table class="result"><tr><th>Exception</th></tr><tr><td><div class="stacktrace">org.testng.TestNGException: 
Parameter &apos;browser&apos; is required by BeforeClass on method prepareTest but has not been marked @Optional or defined

	at java.base/java.util.ArrayList.forEach(ArrayList.java:1511)
... Removed 32 stack frames</div></td></tr></table><p class="totop"><a href="#summary">back to summary</a></p>
<h3 id="m20">selenium.SeleniumParallel_Test#prepareTest</h3><table class="result"><tr><th>Exception</th></tr><tr><td><div class="stacktrace">org.testng.TestNGException: 
Parameter &apos;browser&apos; is required by BeforeClass on method prepareTest but has not been marked @Optional or defined

	at java.base/java.util.ArrayList.forEach(ArrayList.java:1511)
... Removed 32 stack frames</div></td></tr></table><p class="totop"><a href="#summary">back to summary</a></p>
<h3 id="m21">data_providers.DataProvider_Test#testMethod1</h3><table class="result"><tr><th>Exception</th></tr><tr><td><div class="stacktrace">org.testng.TestNGException: 
Method public void data_providers.DataProvider_Test.testMethod1(java.lang.String) throws java.lang.InterruptedException requires a @DataProvider named : test-data in class data_providers.TestData2
	at java.base/java.util.ArrayList.forEach(ArrayList.java:1511)
... Removed 34 stack frames</div></td></tr></table><p class="totop"><a href="#summary">back to summary</a></p>
<h3 id="m22">practice.DependentTestMethods_Test#testMethod2</h3><table class="result"><tr><th>Messages</th></tr><tr><td><div class="messages">onTestStart -> Test Name: testMethod2<br/>onTestFailure -> Test Name: testMethod2</div></td></tr><tr><th>Exception</th></tr><tr><td><div class="stacktrace">java.lang.AssertionError: expected [2] but found [3]
	at practice.DependentTestMethods_Test.testMethod2(DependentTestMethods_Test.java:37)
	at java.base/java.util.ArrayList.forEach(ArrayList.java:1511)
... Removed 42 stack frames</div></td></tr></table><p class="totop"><a href="#summary">back to summary</a></p>
<h3 id="m23">practice.Parameter_Test#testMethod1</h3><table class="result"><tr><th>Exception</th></tr><tr><td><div class="stacktrace">org.testng.TestNGException: 
Parameter &apos;response&apos; is required by @Test on method testMethod1 but has not been marked @Optional or defined

	at java.base/java.util.ArrayList.forEach(ArrayList.java:1511)
... Removed 36 stack frames</div></td></tr></table><p class="totop"><a href="#summary">back to summary</a></p>
<h3 id="m24">selenium.SeleniumParallel2_Test#parallelM</h3><table class="result"><tr><th>Exception</th></tr><tr><td><div class="stacktrace">org.testng.TestNGException: 
Parameter &apos;name&apos; is required by @Test on method parallelM but has not been marked @Optional or defined

	at java.base/java.util.ArrayList.forEach(ArrayList.java:1511)
... Removed 36 stack frames</div></td></tr></table><p class="totop"><a href="#summary">back to summary</a></p>
<h3 id="m25">selenium.SeleniumParallel3_Test#parallelM</h3><table class="result"><tr><th>Exception</th></tr><tr><td><div class="stacktrace">org.testng.TestNGException: 
Parameter &apos;name&apos; is required by @Test on method parallelM but has not been marked @Optional or defined

	at java.base/java.util.ArrayList.forEach(ArrayList.java:1511)
... Removed 36 stack frames</div></td></tr></table><p class="totop"><a href="#summary">back to summary</a></p>
<h3 id="m26">selenium.SeleniumParallel3_Test#parallelSearch</h3><table class="result"><tr><th>Exception</th></tr><tr><td><div class="stacktrace">org.testng.TestNGException: 
Parameter &apos;search&apos; is required by @Test on method parallelSearch but has not been marked @Optional or defined

	at java.base/java.util.ArrayList.forEach(ArrayList.java:1511)
... Removed 36 stack frames</div></td></tr></table><p class="totop"><a href="#summary">back to summary</a></p>
<h3 id="m27">selenium.SeleniumParallel_Test#parallelSearch</h3><table class="result"><tr><th>Exception</th></tr><tr><td><div class="stacktrace">org.testng.TestNGException: 
Parameter &apos;search&apos; is required by @Test on method parallelSearch but has not been marked @Optional or defined

	at java.base/java.util.ArrayList.forEach(ArrayList.java:1511)
... Removed 36 stack frames</div></td></tr></table><p class="totop"><a href="#summary">back to summary</a></p>
<h3 id="m28">test_listeners.ExtentReport_Test#method2</h3><table class="result"><tr><th>Messages</th></tr><tr><td><div class="messages">onTestStart -> Test Name: method2<br/>onTestFailure -> Test Name: method2</div></td></tr><tr><th>Exception</th></tr><tr><td><div class="stacktrace">java.lang.AssertionError: expected [true] but found [false]
	at test_listeners.ExtentReport_Test.method2(ExtentReport_Test.java:33)
	at java.base/java.util.ArrayList.forEach(ArrayList.java:1511)
... Removed 41 stack frames</div></td></tr></table><p class="totop"><a href="#summary">back to summary</a></p>
<h3 id="m29">test_listeners.Method_L_Test#method2</h3><table class="result"><tr><th>Messages</th></tr><tr><td><div class="messages">onTestStart -> Test Name: method2<br/>onTestFailure -> Test Name: method2</div></td></tr><tr><th>Exception</th></tr><tr><td><div class="stacktrace">java.lang.AssertionError: expected [true] but found [false]
	at test_listeners.Method_L_Test.method2(Method_L_Test.java:38)
	at java.base/java.util.ArrayList.forEach(ArrayList.java:1511)
... Removed 41 stack frames</div></td></tr></table><p class="totop"><a href="#summary">back to summary</a></p>
<h3 id="m30">test_listeners.Test_1#method2</h3><table class="result"><tr><th>Messages</th></tr><tr><td><div class="messages">onTestStart -> Test Name: method2<br/>onTestFailure -> Test Name: method2</div></td></tr><tr><th>Exception</th></tr><tr><td><div class="stacktrace">java.lang.AssertionError: expected [true] but found [false]
	at test_listeners.Test_1.method2(Test_1.java:38)
	at java.base/java.util.ArrayList.forEach(ArrayList.java:1511)
... Removed 41 stack frames</div></td></tr></table><p class="totop"><a href="#summary">back to summary</a></p>
<h3 id="m31">test_listeners.Test_2#assertMethod2</h3><table class="result"><tr><th>Messages</th></tr><tr><td><div class="messages">onTestStart -> Test Name: assertMethod2<br/>onTestFailure -> Test Name: assertMethod2</div></td></tr><tr><th>Exception</th></tr><tr><td><div class="stacktrace">java.lang.AssertionError: expected [true] but found [false]
	at test_listeners.Test_2.assertMethod2(Test_2.java:21)
	at java.base/java.util.ArrayList.forEach(ArrayList.java:1511)
... Removed 41 stack frames</div></td></tr></table><p class="totop"><a href="#summary">back to summary</a></p>
<h3 id="m32">Assertions.AssertionsPracticeTest#setup</h3><table class="result"><tr><th class="invisible"/></tr></table><p class="totop"><a href="#summary">back to summary</a></p>
<h3 id="m33">Assertions.AssertionsPracticeTest#setup</h3><table class="result"><tr><th class="invisible"/></tr></table><p class="totop"><a href="#summary">back to summary</a></p>
<h3 id="m34">Assertions.AssertionsPracticeTest#setup</h3><table class="result"><tr><th class="invisible"/></tr></table><p class="totop"><a href="#summary">back to summary</a></p>
<h3 id="m35">Assertions.AssertionsPracticeTest#setup</h3><table class="result"><tr><th class="invisible"/></tr></table><p class="totop"><a href="#summary">back to summary</a></p>
<h3 id="m36">Assertions.AssertionsPracticeTest#setup</h3><table class="result"><tr><th class="invisible"/></tr></table><p class="totop"><a href="#summary">back to summary</a></p>
<h3 id="m37">selenium.SeleniumParallel2_Test#endTest</h3><table class="result"><tr><th class="invisible"/></tr></table><p class="totop"><a href="#summary">back to summary</a></p>
<h3 id="m38">selenium.SeleniumParallel3_Test#endTest</h3><table class="result"><tr><th class="invisible"/></tr></table><p class="totop"><a href="#summary">back to summary</a></p>
<h3 id="m39">selenium.SeleniumParallel_Test#endTest</h3><table class="result"><tr><th class="invisible"/></tr></table><p class="totop"><a href="#summary">back to summary</a></p>
<h3 id="m40">Assertions.AssertionsPracticeTest#listViewTest</h3><table class="result"><tr><th>Messages</th></tr><tr><td><div class="messages">onTestSkipped -> Test Name: listViewTest</div></td></tr><tr><th>Exception</th></tr><tr><td><div class="stacktrace">java.lang.IllegalStateException: The driver executable does not exist: /Users/gagash/IdeaProjects/untitled2/untitled2/mavenTest/src/main/resources/chromedriver
	at com.google.common.base.Preconditions.checkState(Preconditions.java:585)
	at org.openqa.selenium.remote.service.DriverService.checkExecutable(DriverService.java:146)
	at org.openqa.selenium.remote.service.DriverService.findExecutable(DriverService.java:141)
	at org.openqa.selenium.chrome.ChromeDriverService.access$000(ChromeDriverService.java:35)
	at org.openqa.selenium.chrome.ChromeDriverService$Builder.findDefaultExecutable(ChromeDriverService.java:159)
	at org.openqa.selenium.remote.service.DriverService$Builder.build(DriverService.java:355)
	at org.openqa.selenium.chrome.ChromeDriverService.createDefaultService(ChromeDriverService.java:94)
	at org.openqa.selenium.chrome.ChromeDriver.&lt;init&gt;(ChromeDriver.java:123)
	at Assertions.AssertionsPracticeTest.setup(AssertionsPracticeTest.java:23)
	at java.base/java.util.ArrayList.forEach(ArrayList.java:1511)
... Removed 41 stack frames</div></td></tr></table><p class="totop"><a href="#summary">back to summary</a></p>
<h3 id="m41">Assertions.AssertionsPracticeTest#verifyBasicStuff</h3><table class="result"><tr><th>Messages</th></tr><tr><td><div class="messages">onTestSkipped -> Test Name: verifyBasicStuff<br/>onTestStart -> Test Name: verifyCity</div></td></tr><tr><th>Exception</th></tr><tr><td><div class="stacktrace">java.lang.IllegalStateException: The driver executable does not exist: /Users/gagash/IdeaProjects/untitled2/untitled2/mavenTest/src/main/resources/chromedriver
	at com.google.common.base.Preconditions.checkState(Preconditions.java:585)
	at org.openqa.selenium.remote.service.DriverService.checkExecutable(DriverService.java:146)
	at org.openqa.selenium.remote.service.DriverService.findExecutable(DriverService.java:141)
	at org.openqa.selenium.chrome.ChromeDriverService.access$000(ChromeDriverService.java:35)
	at org.openqa.selenium.chrome.ChromeDriverService$Builder.findDefaultExecutable(ChromeDriverService.java:159)
	at org.openqa.selenium.remote.service.DriverService$Builder.build(DriverService.java:355)
	at org.openqa.selenium.chrome.ChromeDriverService.createDefaultService(ChromeDriverService.java:94)
	at org.openqa.selenium.chrome.ChromeDriver.&lt;init&gt;(ChromeDriver.java:123)
	at Assertions.AssertionsPracticeTest.setup(AssertionsPracticeTest.java:23)
	at java.base/java.util.ArrayList.forEach(ArrayList.java:1511)
... Removed 41 stack frames</div></td></tr></table><p class="totop"><a href="#summary">back to summary</a></p>
<h3 id="m42">Assertions.AssertionsPracticeTest#verifyCity</h3><table class="result"><tr><th>Messages</th></tr><tr><td><div class="messages">onTestSkipped -> Test Name: verifyCity<br/>onTestStart -> Test Name: verifyFbTitle</div></td></tr><tr><th>Exception</th></tr><tr><td><div class="stacktrace">java.lang.IllegalStateException: The driver executable does not exist: /Users/gagash/IdeaProjects/untitled2/untitled2/mavenTest/src/main/resources/chromedriver
	at com.google.common.base.Preconditions.checkState(Preconditions.java:585)
	at org.openqa.selenium.remote.service.DriverService.checkExecutable(DriverService.java:146)
	at org.openqa.selenium.remote.service.DriverService.findExecutable(DriverService.java:141)
	at org.openqa.selenium.chrome.ChromeDriverService.access$000(ChromeDriverService.java:35)
	at org.openqa.selenium.chrome.ChromeDriverService$Builder.findDefaultExecutable(ChromeDriverService.java:159)
	at org.openqa.selenium.remote.service.DriverService$Builder.build(DriverService.java:355)
	at org.openqa.selenium.chrome.ChromeDriverService.createDefaultService(ChromeDriverService.java:94)
	at org.openqa.selenium.chrome.ChromeDriver.&lt;init&gt;(ChromeDriver.java:123)
	at Assertions.AssertionsPracticeTest.setup(AssertionsPracticeTest.java:23)
	at java.base/java.util.ArrayList.forEach(ArrayList.java:1511)
... Removed 41 stack frames</div></td></tr></table><p class="totop"><a href="#summary">back to summary</a></p>
<h3 id="m43">Assertions.AssertionsPracticeTest#verifyFbTitle</h3><table class="result"><tr><th>Messages</th></tr><tr><td><div class="messages">onTestSkipped -> Test Name: verifyFbTitle<br/>onTestStart -> Test Name: verifyLogo</div></td></tr><tr><th>Exception</th></tr><tr><td><div class="stacktrace">java.lang.IllegalStateException: The driver executable does not exist: /Users/gagash/IdeaProjects/untitled2/untitled2/mavenTest/src/main/resources/chromedriver
	at com.google.common.base.Preconditions.checkState(Preconditions.java:585)
	at org.openqa.selenium.remote.service.DriverService.checkExecutable(DriverService.java:146)
	at org.openqa.selenium.remote.service.DriverService.findExecutable(DriverService.java:141)
	at org.openqa.selenium.chrome.ChromeDriverService.access$000(ChromeDriverService.java:35)
	at org.openqa.selenium.chrome.ChromeDriverService$Builder.findDefaultExecutable(ChromeDriverService.java:159)
	at org.openqa.selenium.remote.service.DriverService$Builder.build(DriverService.java:355)
	at org.openqa.selenium.chrome.ChromeDriverService.createDefaultService(ChromeDriverService.java:94)
	at org.openqa.selenium.chrome.ChromeDriver.&lt;init&gt;(ChromeDriver.java:123)
	at Assertions.AssertionsPracticeTest.setup(AssertionsPracticeTest.java:23)
	at java.base/java.util.ArrayList.forEach(ArrayList.java:1511)
... Removed 41 stack frames</div></td></tr></table><p class="totop"><a href="#summary">back to summary</a></p>
<h3 id="m44">Assertions.AssertionsPracticeTest#verifyLogo</h3><table class="result"><tr><th>Messages</th></tr><tr><td><div class="messages">onTestSkipped -> Test Name: verifyLogo<br/>onTestStart -> Test Name: verifyMoreBasicStuff</div></td></tr><tr><th>Exception</th></tr><tr><td><div class="stacktrace">java.lang.IllegalStateException: The driver executable does not exist: /Users/gagash/IdeaProjects/untitled2/untitled2/mavenTest/src/main/resources/chromedriver
	at com.google.common.base.Preconditions.checkState(Preconditions.java:585)
	at org.openqa.selenium.remote.service.DriverService.checkExecutable(DriverService.java:146)
	at org.openqa.selenium.remote.service.DriverService.findExecutable(DriverService.java:141)
	at org.openqa.selenium.chrome.ChromeDriverService.access$000(ChromeDriverService.java:35)
	at org.openqa.selenium.chrome.ChromeDriverService$Builder.findDefaultExecutable(ChromeDriverService.java:159)
	at org.openqa.selenium.remote.service.DriverService$Builder.build(DriverService.java:355)
	at org.openqa.selenium.chrome.ChromeDriverService.createDefaultService(ChromeDriverService.java:94)
	at org.openqa.selenium.chrome.ChromeDriver.&lt;init&gt;(ChromeDriver.java:123)
	at Assertions.AssertionsPracticeTest.setup(AssertionsPracticeTest.java:23)
	at java.base/java.util.ArrayList.forEach(ArrayList.java:1511)
... Removed 41 stack frames</div></td></tr></table><p class="totop"><a href="#summary">back to summary</a></p>
<h3 id="m45">Assertions.AssertionsPracticeTest#verifyMoreBasicStuff</h3><table class="result"><tr><th>Messages</th></tr><tr><td><div class="messages">onTestSkipped -> Test Name: verifyMoreBasicStuff</div></td></tr><tr><th>Exception</th></tr><tr><td><div class="stacktrace">java.lang.IllegalStateException: The driver executable does not exist: /Users/gagash/IdeaProjects/untitled2/untitled2/mavenTest/src/main/resources/chromedriver
	at com.google.common.base.Preconditions.checkState(Preconditions.java:585)
	at org.openqa.selenium.remote.service.DriverService.checkExecutable(DriverService.java:146)
	at org.openqa.selenium.remote.service.DriverService.findExecutable(DriverService.java:141)
	at org.openqa.selenium.chrome.ChromeDriverService.access$000(ChromeDriverService.java:35)
	at org.openqa.selenium.chrome.ChromeDriverService$Builder.findDefaultExecutable(ChromeDriverService.java:159)
	at org.openqa.selenium.remote.service.DriverService$Builder.build(DriverService.java:355)
	at org.openqa.selenium.chrome.ChromeDriverService.createDefaultService(ChromeDriverService.java:94)
	at org.openqa.selenium.chrome.ChromeDriver.&lt;init&gt;(ChromeDriver.java:123)
	at Assertions.AssertionsPracticeTest.setup(AssertionsPracticeTest.java:23)
	at java.base/java.util.ArrayList.forEach(ArrayList.java:1511)
... Removed 41 stack frames</div></td></tr></table><p class="totop"><a href="#summary">back to summary</a></p>
<h3 id="m46">HRM.AlertsTest#alertTest</h3><table class="result"><tr><th>Messages</th></tr><tr><td><div class="messages">onTestSkipped -> Test Name: alertTest</div></td></tr><tr><th>Exception</th></tr><tr><td><div class="stacktrace">java.lang.IllegalStateException: The driver executable does not exist: /Users/gagash/IdeaProjects/untitled2/untitled2/mavenTest/src/main/resources/chromedriver
	at com.google.common.base.Preconditions.checkState(Preconditions.java:585)
	at org.openqa.selenium.remote.service.DriverService.checkExecutable(DriverService.java:146)
	at org.openqa.selenium.remote.service.DriverService.findExecutable(DriverService.java:141)
	at org.openqa.selenium.chrome.ChromeDriverService.access$000(ChromeDriverService.java:35)
	at org.openqa.selenium.chrome.ChromeDriverService$Builder.findDefaultExecutable(ChromeDriverService.java:159)
	at org.openqa.selenium.remote.service.DriverService$Builder.build(DriverService.java:355)
	at org.openqa.selenium.chrome.ChromeDriverService.createDefaultService(ChromeDriverService.java:94)
	at org.openqa.selenium.chrome.ChromeDriver.&lt;init&gt;(ChromeDriver.java:123)
	at HRM.AlertsTest.setup(AlertsTest.java:22)
	at java.base/java.util.ArrayList.forEach(ArrayList.java:1511)
... Removed 41 stack frames</div></td></tr></table><p class="totop"><a href="#summary">back to summary</a></p>
<h3 id="m47">HRM.HrmEmployeeTest#addEmployee</h3><table class="result"><tr><th>Messages</th></tr><tr><td><div class="messages">onTestSkipped -> Test Name: addEmployee</div></td></tr><tr><th>Exception</th></tr><tr><td><div class="stacktrace">java.lang.IllegalStateException: The driver executable does not exist: /Users/gagash/IdeaProjects/untitled2/untitled2/mavenTest/src/main/resources/chromedriver
	at com.google.common.base.Preconditions.checkState(Preconditions.java:585)
	at org.openqa.selenium.remote.service.DriverService.checkExecutable(DriverService.java:146)
	at org.openqa.selenium.remote.service.DriverService.findExecutable(DriverService.java:141)
	at org.openqa.selenium.chrome.ChromeDriverService.access$000(ChromeDriverService.java:35)
	at org.openqa.selenium.chrome.ChromeDriverService$Builder.findDefaultExecutable(ChromeDriverService.java:159)
	at org.openqa.selenium.remote.service.DriverService$Builder.build(DriverService.java:355)
	at org.openqa.selenium.chrome.ChromeDriverService.createDefaultService(ChromeDriverService.java:94)
	at org.openqa.selenium.chrome.ChromeDriver.&lt;init&gt;(ChromeDriver.java:123)
	at HRM.HrmEmployeeTest.setup(HrmEmployeeTest.java:20)
	at java.base/java.util.ArrayList.forEach(ArrayList.java:1511)
... Removed 41 stack frames</div></td></tr></table><p class="totop"><a href="#summary">back to summary</a></p>
<h3 id="m48">HRM.HrmJobsTest#addJobTitle</h3><table class="result"><tr><th>Messages</th></tr><tr><td><div class="messages">onTestSkipped -> Test Name: addJobTitle</div></td></tr><tr><th>Exception</th></tr><tr><td><div class="stacktrace">java.lang.IllegalStateException: The driver executable does not exist: /Users/gagash/IdeaProjects/untitled2/untitled2/mavenTest/src/main/resources/chromedriver
	at com.google.common.base.Preconditions.checkState(Preconditions.java:585)
	at org.openqa.selenium.remote.service.DriverService.checkExecutable(DriverService.java:146)
	at org.openqa.selenium.remote.service.DriverService.findExecutable(DriverService.java:141)
	at org.openqa.selenium.chrome.ChromeDriverService.access$000(ChromeDriverService.java:35)
	at org.openqa.selenium.chrome.ChromeDriverService$Builder.findDefaultExecutable(ChromeDriverService.java:159)
	at org.openqa.selenium.remote.service.DriverService$Builder.build(DriverService.java:355)
	at org.openqa.selenium.chrome.ChromeDriverService.createDefaultService(ChromeDriverService.java:94)
	at org.openqa.selenium.chrome.ChromeDriver.&lt;init&gt;(ChromeDriver.java:123)
	at HRM.HrmJobsTest.setup(HrmJobsTest.java:22)
	at java.base/java.util.ArrayList.forEach(ArrayList.java:1511)
... Removed 41 stack frames</div></td></tr></table><p class="totop"><a href="#summary">back to summary</a></p>
<h3 id="m49">HRM.HrmLoginTest#verify_logIn_with_invalid_credentials</h3><table class="result"><tr><th>Messages</th></tr><tr><td><div class="messages">onTestSkipped -> Test Name: verify_logIn_with_invalid_credentials</div></td></tr><tr><th>Exception</th></tr><tr><td><div class="stacktrace">java.lang.IllegalStateException: The driver executable does not exist: /Users/gagash/IdeaProjects/untitled2/untitled2/mavenTest/src/main/resources/chromedriver
	at com.google.common.base.Preconditions.checkState(Preconditions.java:585)
	at org.openqa.selenium.remote.service.DriverService.checkExecutable(DriverService.java:146)
	at org.openqa.selenium.remote.service.DriverService.findExecutable(DriverService.java:141)
	at org.openqa.selenium.chrome.ChromeDriverService.access$000(ChromeDriverService.java:35)
	at org.openqa.selenium.chrome.ChromeDriverService$Builder.findDefaultExecutable(ChromeDriverService.java:159)
	at org.openqa.selenium.remote.service.DriverService$Builder.build(DriverService.java:355)
	at org.openqa.selenium.chrome.ChromeDriverService.createDefaultService(ChromeDriverService.java:94)
	at org.openqa.selenium.chrome.ChromeDriver.&lt;init&gt;(ChromeDriver.java:123)
	at HRM.HrmLoginTest.setup(HrmLoginTest.java:24)
	at java.base/java.util.ArrayList.forEach(ArrayList.java:1511)
... Removed 41 stack frames</div></td></tr></table><p class="totop"><a href="#summary">back to summary</a></p>
<h3 id="m50">HRM.HrmLoginTest#verify_logIn_with_valid_credentials</h3><table class="result"><tr><th>Messages</th></tr><tr><td><div class="messages">onTestSkipped -> Test Name: verify_logIn_with_valid_credentials</div></td></tr><tr><th>Exception</th></tr><tr><td><div class="stacktrace">java.lang.NullPointerException: Cannot invoke &quot;org.openqa.selenium.WebDriver.quit()&quot; because &quot;this.driver&quot; is null
	at HRM.HrmLoginTest.tearDown(HrmLoginTest.java:48)
	at java.base/java.util.ArrayList.forEach(ArrayList.java:1511)
... Removed 42 stack frames</div></td></tr></table><p class="totop"><a href="#summary">back to summary</a></p>
<h3 id="m51">HRM.WindowTabTest#handleNewBrowserWindow</h3><table class="result"><tr><th>Messages</th></tr><tr><td><div class="messages">onTestSkipped -> Test Name: handleNewBrowserWindow</div></td></tr><tr><th>Exception</th></tr><tr><td><div class="stacktrace">java.lang.IllegalStateException: The driver executable does not exist: /Users/gagash/IdeaProjects/untitled2/untitled2/mavenTest/src/main/resources/chromedriver
	at com.google.common.base.Preconditions.checkState(Preconditions.java:585)
	at org.openqa.selenium.remote.service.DriverService.checkExecutable(DriverService.java:146)
	at org.openqa.selenium.remote.service.DriverService.findExecutable(DriverService.java:141)
	at org.openqa.selenium.chrome.ChromeDriverService.access$000(ChromeDriverService.java:35)
	at org.openqa.selenium.chrome.ChromeDriverService$Builder.findDefaultExecutable(ChromeDriverService.java:159)
	at org.openqa.selenium.remote.service.DriverService$Builder.build(DriverService.java:355)
	at org.openqa.selenium.chrome.ChromeDriverService.createDefaultService(ChromeDriverService.java:94)
	at org.openqa.selenium.chrome.ChromeDriver.&lt;init&gt;(ChromeDriver.java:123)
	at HRM.WindowTabTest.setup(WindowTabTest.java:19)
	at java.base/java.util.ArrayList.forEach(ArrayList.java:1511)
... Removed 41 stack frames</div></td></tr></table><p class="totop"><a href="#summary">back to summary</a></p>
<h3 id="m52">HRM.iFrameTest#iFrameTest</h3><table class="result"><tr><th>Messages</th></tr><tr><td><div class="messages">onTestSkipped -> Test Name: iFrameTest</div></td></tr><tr><th>Exception</th></tr><tr><td><div class="stacktrace">java.lang.IllegalStateException: The driver executable does not exist: /Users/gagash/IdeaProjects/untitled2/untitled2/mavenTest/src/main/resources/chromedriver
	at com.google.common.base.Preconditions.checkState(Preconditions.java:585)
	at org.openqa.selenium.remote.service.DriverService.checkExecutable(DriverService.java:146)
	at org.openqa.selenium.remote.service.DriverService.findExecutable(DriverService.java:141)
	at org.openqa.selenium.chrome.ChromeDriverService.access$000(ChromeDriverService.java:35)
	at org.openqa.selenium.chrome.ChromeDriverService$Builder.findDefaultExecutable(ChromeDriverService.java:159)
	at org.openqa.selenium.remote.service.DriverService$Builder.build(DriverService.java:355)
	at org.openqa.selenium.chrome.ChromeDriverService.createDefaultService(ChromeDriverService.java:94)
	at org.openqa.selenium.chrome.ChromeDriver.&lt;init&gt;(ChromeDriver.java:123)
	at HRM.iFrameTest.setup(iFrameTest.java:19)
	at java.base/java.util.ArrayList.forEach(ArrayList.java:1511)
... Removed 41 stack frames</div></td></tr></table><p class="totop"><a href="#summary">back to summary</a></p>
<h3 id="m53">HRM.iFrameTest#nestedIframeTest</h3><table class="result"><tr><th>Messages</th></tr><tr><td><div class="messages">onTestSkipped -> Test Name: nestedIframeTest</div></td></tr><tr><th>Exception</th></tr><tr><td><div class="stacktrace">java.lang.NullPointerException: Cannot invoke &quot;org.openqa.selenium.WebDriver.quit()&quot; because &quot;this.driver&quot; is null
	at HRM.iFrameTest.tearDown(iFrameTest.java:70)
	at java.base/java.util.ArrayList.forEach(ArrayList.java:1511)
... Removed 42 stack frames</div></td></tr></table><p class="totop"><a href="#summary">back to summary</a></p>
<h3 id="m54">paralleltesting.Parallel1_Test#testMethod1</h3><table class="result"><tr><th>Messages</th></tr><tr><td><div class="messages">onTestStart -> Test Name: testMethod1<br/>onTestSuccess -> Test Name: testMethod1</div></td></tr></table><p class="totop"><a href="#summary">back to summary</a></p>
<h3 id="m55">paralleltesting.Parallel1_Test#testMethod2</h3><table class="result"><tr><th>Messages</th></tr><tr><td><div class="messages">onTestStart -> Test Name: testMethod2<br/>onTestSuccess -> Test Name: testMethod2</div></td></tr></table><p class="totop"><a href="#summary">back to summary</a></p>
<h3 id="m56">paralleltesting.Parallel2_Test#testMethod1</h3><table class="result"><tr><th>Messages</th></tr><tr><td><div class="messages">onTestStart -> Test Name: testMethod1<br/>onTestSuccess -> Test Name: testMethod1</div></td></tr></table><p class="totop"><a href="#summary">back to summary</a></p>
<h3 id="m57">paralleltesting.Parallel2_Test#testMethod2</h3><table class="result"><tr><th>Messages</th></tr><tr><td><div class="messages">onTestStart -> Test Name: testMethod2<br/>onTestSuccess -> Test Name: testMethod2</div></td></tr></table><p class="totop"><a href="#summary">back to summary</a></p>
<h3 id="m58">paralleltesting.SingleMethodParallel_Test#test2</h3><table class="result"><tr><th>Messages</th></tr><tr><td><div class="messages">onTestStart -> Test Name: test2<br/>onTestSuccess -> Test Name: test2</div></td></tr></table><p class="totop"><a href="#summary">back to summary</a></p>
<h3 id="m59">paralleltesting.SingleMethodParallel_Test#test2</h3><table class="result"><tr><th>Messages</th></tr><tr><td><div class="messages">onTestStart -> Test Name: test2<br/>onTestSuccess -> Test Name: test2</div></td></tr></table><p class="totop"><a href="#summary">back to summary</a></p>
<h3 id="m60">paralleltesting.SingleMethodParallel_Test#test2</h3><table class="result"><tr><th>Messages</th></tr><tr><td><div class="messages">onTestStart -> Test Name: test2<br/>onTestSuccess -> Test Name: test2</div></td></tr></table><p class="totop"><a href="#summary">back to summary</a></p>
<h3 id="m61">practice.DependentTestMethods_Test#testMethod1</h3><table class="result"><tr><th>Messages</th></tr><tr><td><div class="messages">onTestStart -> Test Name: testMethod1<br/>onTestSuccess -> Test Name: testMethod1</div></td></tr></table><p class="totop"><a href="#summary">back to summary</a></p>
<h3 id="m62">practice.DependentTestMethods_Test#testMethod3</h3><table class="result"><tr><th>Messages</th></tr><tr><td><div class="messages">onTestStart -> Test Name: testMethod3<br/>onTestSuccess -> Test Name: testMethod3</div></td></tr></table><p class="totop"><a href="#summary">back to summary</a></p>
<h3 id="m63">practice.DependentTestMethods_Test#testMethod4</h3><table class="result"><tr><th>Messages</th></tr><tr><td><div class="messages">onTestStart -> Test Name: testMethod4<br/>onTestSuccess -> Test Name: testMethod4</div></td></tr></table><p class="totop"><a href="#summary">back to summary</a></p>
<h3 id="m64">practice.Enable_Test#testMethod3</h3><table class="result"><tr><th>Messages</th></tr><tr><td><div class="messages">onTestStart -> Test Name: testMethod3<br/>onTestSuccess -> Test Name: testMethod3</div></td></tr></table><p class="totop"><a href="#summary">back to summary</a></p>
<h3 id="m65">practice.Enable_Test#testMethod4</h3><table class="result"><tr><th>Messages</th></tr><tr><td><div class="messages">onTestStart -> Test Name: testMethod4<br/>onTestSuccess -> Test Name: testMethod4</div></td></tr></table><p class="totop"><a href="#summary">back to summary</a></p>
<h3 id="m66">practice.Grouping_Test#testHPEliteOne</h3><table class="result"><tr><th>Messages</th></tr><tr><td><div class="messages">onTestStart -> Test Name: testHPEliteOne<br/>onTestSuccess -> Test Name: testHPEliteOne</div></td></tr></table><p class="totop"><a href="#summary">back to summary</a></p>
<h3 id="m67">practice.Grouping_Test#testIphone</h3><table class="result"><tr><th>Messages</th></tr><tr><td><div class="messages">onTestStart -> Test Name: testIphone<br/>onTestSuccess -> Test Name: testIphone</div></td></tr></table><p class="totop"><a href="#summary">back to summary</a></p>
<h3 id="m68">practice.Grouping_Test#testMacBook</h3><table class="result"><tr><th>Messages</th></tr><tr><td><div class="messages">onTestStart -> Test Name: testMacBook<br/>onTestSuccess -> Test Name: testMacBook</div></td></tr></table><p class="totop"><a href="#summary">back to summary</a></p>
<h3 id="m69">practice.Grouping_Test#testSamsungNote</h3><table class="result"><tr><th>Messages</th></tr><tr><td><div class="messages">onTestStart -> Test Name: testSamsungNote<br/>onTestSuccess -> Test Name: testSamsungNote</div></td></tr></table><p class="totop"><a href="#summary">back to summary</a></p>
<h3 id="m70">practice.Grouping_Test#testSurfaceBook</h3><table class="result"><tr><th>Messages</th></tr><tr><td><div class="messages">onTestStart -> Test Name: testSurfaceBook<br/>onTestSuccess -> Test Name: testSurfaceBook</div></td></tr></table><p class="totop"><a href="#summary">back to summary</a></p>
<h3 id="m71">practice.Grouping_Test#testYoll</h3><table class="result"><tr><th>Messages</th></tr><tr><td><div class="messages">onTestStart -> Test Name: testYoll<br/>onTestSuccess -> Test Name: testYoll</div></td></tr></table><p class="totop"><a href="#summary">back to summary</a></p>
<h3 id="m72">practice.PreserveOrder1_Test#testMethod1</h3><table class="result"><tr><th>Messages</th></tr><tr><td><div class="messages">onTestStart -> Test Name: testMethod1<br/>onTestSuccess -> Test Name: testMethod1</div></td></tr></table><p class="totop"><a href="#summary">back to summary</a></p>
<h3 id="m73">practice.PreserveOrder1_Test#testMethod2</h3><table class="result"><tr><th>Messages</th></tr><tr><td><div class="messages">onTestStart -> Test Name: testMethod2<br/>onTestSuccess -> Test Name: testMethod2</div></td></tr></table><p class="totop"><a href="#summary">back to summary</a></p>
<h3 id="m74">practice.PreserveOrder2_Test#testMethod1</h3><table class="result"><tr><th>Messages</th></tr><tr><td><div class="messages">onTestStart -> Test Name: testMethod1<br/>onTestSuccess -> Test Name: testMethod1</div></td></tr></table><p class="totop"><a href="#summary">back to summary</a></p>
<h3 id="m75">practice.PreserveOrder2_Test#testMethod2</h3><table class="result"><tr><th>Messages</th></tr><tr><td><div class="messages">onTestStart -> Test Name: testMethod2<br/>onTestSuccess -> Test Name: testMethod2</div></td></tr></table><p class="totop"><a href="#summary">back to summary</a></p>
<h3 id="m76">practice.Priority_Test#method1</h3><table class="result"><tr><th>Messages</th></tr><tr><td><div class="messages">onTestStart -> Test Name: method1<br/>onTestSuccess -> Test Name: method1</div></td></tr></table><p class="totop"><a href="#summary">back to summary</a></p>
<h3 id="m77">practice.Priority_Test#method2</h3><table class="result"><tr><th>Messages</th></tr><tr><td><div class="messages">onTestStart -> Test Name: method2<br/>onTestSuccess -> Test Name: method2</div></td></tr></table><p class="totop"><a href="#summary">back to summary</a></p>
<h3 id="m78">practice.Priority_Test#method3</h3><table class="result"><tr><th>Messages</th></tr><tr><td><div class="messages">onTestStart -> Test Name: method3<br/>onTestSuccess -> Test Name: method3</div></td></tr></table><p class="totop"><a href="#summary">back to summary</a></p>
<h3 id="m79">test_listeners.ExtentReport_Test#method1</h3><table class="result"><tr><th>Messages</th></tr><tr><td><div class="messages">onTestStart -> Test Name: method1<br/>onTestSuccess -> Test Name: method1</div></td></tr></table><p class="totop"><a href="#summary">back to summary</a></p>
<h3 id="m80">test_listeners.Method_L_Test#method1</h3><table class="result"><tr><th>Messages</th></tr><tr><td><div class="messages">onTestStart -> Test Name: method1<br/>onTestSuccess -> Test Name: method1</div></td></tr></table><p class="totop"><a href="#summary">back to summary</a></p>
<h3 id="m81">test_listeners.Test_1#method1</h3><table class="result"><tr><th>Messages</th></tr><tr><td><div class="messages">onTestStart -> Test Name: method1<br/>onTestSuccess -> Test Name: method1</div></td></tr></table><p class="totop"><a href="#summary">back to summary</a></p>
<h3 id="m82">test_listeners.Test_2#assertMethod</h3><table class="result"><tr><th>Messages</th></tr><tr><td><div class="messages">onTestStart -> Test Name: assertMethod<br/>onTestSuccess -> Test Name: assertMethod</div></td></tr></table><p class="totop"><a href="#summary">back to summary</a></p>
<h3 id="m83">test_listeners.Test_3#method1</h3><table class="result"><tr><th>Messages</th></tr><tr><td><div class="messages">onTestStart -> Test Name: method1<br/>onTestSuccess -> Test Name: method1</div></td></tr></table><p class="totop"><a href="#summary">back to summary</a></p>
<h3 id="m84">test_listeners.Test_3#method2</h3><table class="result"><tr><th>Messages</th></tr><tr><td><div class="messages">onTestStart -> Test Name: method2<br/>onTestSuccess -> Test Name: method2</div></td></tr></table><p class="totop"><a href="#summary">back to summary</a></p>
<h3 id="m85">test_listeners.Test_3#method3</h3><table class="result"><tr><th>Messages</th></tr><tr><td><div class="messages">onTestStart -> Test Name: method3<br/>onTestSuccess -> Test Name: method3</div></td></tr></table><p class="totop"><a href="#summary">back to summary</a></p>
<h3 id="m86">test_listeners.Test_3#method3</h3><table class="result"><tr><th>Messages</th></tr><tr><td><div class="messages">onTestStart -> Test Name: method3<br/>onTestSuccess -> Test Name: method3</div></td></tr></table><p class="totop"><a href="#summary">back to summary</a></p>
<h3 id="m87">test_listeners.Test_3#method3</h3><table class="result"><tr><th>Messages</th></tr><tr><td><div class="messages">onTestStart -> Test Name: method3<br/>onTestSuccess -> Test Name: method3</div></td></tr></table><p class="totop"><a href="#summary">back to summary</a></p>
</body>
</html>
