<?xml version="1.0" encoding="UTF-8"?>
<!-- Generated by org.testng.reporters.JUnitReportReporter -->
<testsuite hostname="Ruslans-MacBook-Air.local" failures="0" tests="7" name="Assertions.AssertionsPracticeTest" time="0.064" errors="1" timestamp="2021-11-22T14:45:35 EST" skipped="6">
  <testcase classname="Assertions.AssertionsPracticeTest" name="verifyFbTitle" time="0.000">
    <skipped/>
  </testcase> <!-- verifyFbTitle -->
  <system-out>
onTestSkipped -> Test Name: verifyFbTitle onTestStart -> Test Name: verifyLogo  </system-out>
  <testcase classname="Assertions.AssertionsPracticeTest" name="verifyBasicStuff" time="0.000">
    <skipped/>
  </testcase> <!-- verifyBasicStuff -->
  <system-out>
onTestSkipped -> Test Name: verifyBasicStuff onTestStart -> Test Name: verifyCity  </system-out>
  <testcase classname="Assertions.AssertionsPracticeTest" name="verifyCity" time="0.000">
    <skipped/>
  </testcase> <!-- verifyCity -->
  <system-out>
onTestSkipped -> Test Name: verifyCity onTestStart -> Test Name: verifyFbTitle  </system-out>
  <testcase classname="Assertions.AssertionsPracticeTest" name="setup" time="0.064">
    <error message="The driver executable does not exist: /Users/gagash/IdeaProjects/untitled2/untitled2/mavenTest/src/main/resources/chromedriver" type="java.lang.IllegalStateException">
      <![CDATA[java.lang.IllegalStateException: The driver executable does not exist: /Users/gagash/IdeaProjects/untitled2/untitled2/mavenTest/src/main/resources/chromedriver
at com.google.common.base.Preconditions.checkState(Preconditions.java:585)
at org.openqa.selenium.remote.service.DriverService.checkExecutable(DriverService.java:146)
at org.openqa.selenium.remote.service.DriverService.findExecutable(DriverService.java:141)
at org.openqa.selenium.chrome.ChromeDriverService.access$000(ChromeDriverService.java:35)
at org.openqa.selenium.chrome.ChromeDriverService$Builder.findDefaultExecutable(ChromeDriverService.java:159)
at org.openqa.selenium.remote.service.DriverService$Builder.build(DriverService.java:355)
at org.openqa.selenium.chrome.ChromeDriverService.createDefaultService(ChromeDriverService.java:94)
at org.openqa.selenium.chrome.ChromeDriver.<init>(ChromeDriver.java:123)
at Assertions.AssertionsPracticeTest.setup(AssertionsPracticeTest.java:23)
at java.base/jdk.internal.reflect.NativeMethodAccessorImpl.invoke0(Native Method)
at java.base/jdk.internal.reflect.NativeMethodAccessorImpl.invoke(NativeMethodAccessorImpl.java:64)
at java.base/jdk.internal.reflect.DelegatingMethodAccessorImpl.invoke(DelegatingMethodAccessorImpl.java:43)
at java.base/java.lang.reflect.Method.invoke(Method.java:564)
at org.testng.internal.MethodInvocationHelper.invokeMethod(MethodInvocationHelper.java:134)
at org.testng.internal.MethodInvocationHelper.invokeMethodConsideringTimeout(MethodInvocationHelper.java:63)
at org.testng.internal.ConfigInvoker.invokeConfigurationMethod(ConfigInvoker.java:348)
at org.testng.internal.ConfigInvoker.invokeConfigurations(ConfigInvoker.java:302)
at org.testng.internal.TestInvoker.runConfigMethods(TestInvoker.java:695)
at org.testng.internal.TestInvoker.invokeMethod(TestInvoker.java:523)
at org.testng.internal.TestInvoker.invokeTestMethod(TestInvoker.java:173)
at org.testng.internal.MethodRunner.runInSequence(MethodRunner.java:46)
at org.testng.internal.TestInvoker$MethodInvocationAgent.invoke(TestInvoker.java:816)
at org.testng.internal.TestInvoker.invokeTestMethods(TestInvoker.java:146)
at org.testng.internal.TestMethodWorker.invokeTestMethods(TestMethodWorker.java:146)
at org.testng.internal.TestMethodWorker.run(TestMethodWorker.java:128)
at java.base/java.util.ArrayList.forEach(ArrayList.java:1511)
at org.testng.TestRunner.privateRun(TestRunner.java:766)
at org.testng.TestRunner.run(TestRunner.java:587)
at org.testng.SuiteRunner.runTest(SuiteRunner.java:384)
at org.testng.SuiteRunner.runSequentially(SuiteRunner.java:378)
at org.testng.SuiteRunner.privateRun(SuiteRunner.java:337)
at org.testng.SuiteRunner.run(SuiteRunner.java:286)
at org.testng.SuiteRunnerWorker.runSuite(SuiteRunnerWorker.java:53)
at org.testng.SuiteRunnerWorker.run(SuiteRunnerWorker.java:96)
at org.testng.TestNG.runSuitesSequentially(TestNG.java:1187)
at org.testng.TestNG.runSuitesLocally(TestNG.java:1109)
at org.testng.TestNG.runSuites(TestNG.java:1039)
at org.testng.TestNG.run(TestNG.java:1007)
at org.apache.maven.surefire.testng.TestNGExecutor.run(TestNGExecutor.java:77)
at org.apache.maven.surefire.testng.TestNGDirectoryTestSuite.executeMulti(TestNGDirectoryTestSuite.java:159)
at org.apache.maven.surefire.testng.TestNGDirectoryTestSuite.execute(TestNGDirectoryTestSuite.java:99)
at org.apache.maven.surefire.testng.TestNGProvider.invoke(TestNGProvider.java:106)
at java.base/jdk.internal.reflect.NativeMethodAccessorImpl.invoke0(Native Method)
at java.base/jdk.internal.reflect.NativeMethodAccessorImpl.invoke(NativeMethodAccessorImpl.java:64)
at java.base/jdk.internal.reflect.DelegatingMethodAccessorImpl.invoke(DelegatingMethodAccessorImpl.java:43)
at java.base/java.lang.reflect.Method.invoke(Method.java:564)
at org.apache.maven.surefire.util.ReflectionUtils.invokeMethodWithArray(ReflectionUtils.java:189)
at org.apache.maven.surefire.booter.ProviderFactory$ProviderProxy.invoke(ProviderFactory.java:165)
at org.apache.maven.surefire.booter.ProviderFactory.invokeProvider(ProviderFactory.java:85)
at org.apache.maven.surefire.booter.ForkedBooter.runSuitesInProcess(ForkedBooter.java:115)
at org.apache.maven.surefire.booter.ForkedBooter.main(ForkedBooter.java:75)
]]>
    </error>
  </testcase> <!-- setup -->
  <system-out/>
  <testcase classname="Assertions.AssertionsPracticeTest" name="verifyLogo" time="0.000">
    <skipped/>
  </testcase> <!-- verifyLogo -->
  <system-out>
onTestSkipped -> Test Name: verifyLogo onTestStart -> Test Name: verifyMoreBasicStuff  </system-out>
  <testcase classname="Assertions.AssertionsPracticeTest" name="verifyMoreBasicStuff" time="0.000">
    <skipped/>
  </testcase> <!-- verifyMoreBasicStuff -->
  <system-out>
onTestSkipped -> Test Name: verifyMoreBasicStuff  </system-out>
  <testcase classname="Assertions.AssertionsPracticeTest" name="listViewTest" time="0.000">
    <skipped/>
  </testcase> <!-- listViewTest -->
  <system-out>
onTestSkipped -> Test Name: listViewTest  </system-out>
</testsuite> <!-- Assertions.AssertionsPracticeTest -->
